#
# There is insufficient memory for the Java Runtime Environment to continue.
# Native memory allocation (malloc) failed to allocate 288336 bytes for Chunk::new
# Possible reasons:
#   The system is out of physical RAM or swap space
#   The process is running with CompressedOops enabled, and the Java Heap may be blocking the growth of the native heap
# Possible solutions:
#   Reduce memory load on the system
#   Increase physical memory or swap space
#   Check if swap backing store is full
#   Decrease Java heap size (-Xmx/-Xms)
#   Decrease number of Java threads
#   Decrease Java thread stack sizes (-Xss)
#   Set larger code cache with -XX:ReservedCodeCacheSize=
#   JVM is running with Unscaled Compressed Oops mode in which the Java heap is
#     placed in the first 4GB address space. The Java Heap base address is the
#     maximum limit for the native heap growth. Please use -XX:HeapBaseMinAddress
#     to set the Java Heap base and to place the Java Heap above 4GB virtual address.
# This output file may be truncated or incomplete.
#
#  Out of Memory Error (arena.cpp:189), pid=20444, tid=11520
#
# JRE version: OpenJDK Runtime Environment (17.0.6) (build 17.0.6+0-b2043.56-9586694)
# Java VM: OpenJDK 64-Bit Server VM (17.0.6+0-b2043.56-9586694, mixed mode, tiered, compressed oops, compressed class ptrs, g1 gc, windows-amd64)
# No core dump will be written. Minidumps are not enabled by default on client versions of Windows
#

---------------  S U M M A R Y ------------

Command Line: --add-opens=java.base/java.util=ALL-UNNAMED --add-opens=java.base/java.lang=ALL-UNNAMED --add-opens=java.base/java.lang.invoke=ALL-UNNAMED --add-opens=java.prefs/java.util.prefs=ALL-UNNAMED --add-opens=java.base/java.nio.charset=ALL-UNNAMED --add-opens=java.base/java.net=ALL-UNNAMED --add-opens=java.base/java.util.concurrent.atomic=ALL-UNNAMED -Xmx2048m -Dfile.encoding=UTF-8 -Duser.country=US -Duser.language=en -Duser.variant org.gradle.launcher.daemon.bootstrap.GradleDaemon 8.0

Host: AMD Ryzen 7 6800H with Radeon Graphics         , 16 cores, 15G,  Windows 11 , 64 bit Build 22621 (10.0.22621.1635)
Time: Mon Jun 12 19:24:51 2023 Nepal Standard Time elapsed time: 5.940946 seconds (0d 0h 0m 5s)

---------------  T H R E A D  ---------------

Current thread (0x00000117c4894690):  JavaThread "C2 CompilerThread0" daemon [_thread_in_native, id=11520, stack(0x0000000101300000,0x0000000101400000)]


Current CompileTask:
C2:   5940 7599   !   4       org.codehaus.groovy.reflection.stdclasses.CachedSAMClass::hasUsableImplementation (72 bytes)

Stack: [0x0000000101300000,0x0000000101400000]
Native frames: (J=compiled Java code, j=interpreted, Vv=VM code, C=native code)
V  [jvm.dll+0x683b4a]
V  [jvm.dll+0x842654]
V  [jvm.dll+0x843dfe]
V  [jvm.dll+0x844463]
V  [jvm.dll+0x249b75]
V  [jvm.dll+0xabcac]
V  [jvm.dll+0xac27c]
V  [jvm.dll+0x56b939]
V  [jvm.dll+0x332f60]
V  [jvm.dll+0x3323da]
V  [jvm.dll+0x21c201]
V  [jvm.dll+0x21b621]
V  [jvm.dll+0x1a4fdd]
V  [jvm.dll+0x22b098]
V  [jvm.dll+0x229159]
V  [jvm.dll+0x7f809c]
V  [jvm.dll+0x7f25fa]
V  [jvm.dll+0x682985]
C  [ucrtbase.dll+0x29363]
C  [KERNEL32.DLL+0x126ad]
C  [ntdll.dll+0x5a9f8]


---------------  P R O C E S S  ---------------

Threads class SMR info:
_java_thread_list=0x00000117cb764950, length=183, elements={
0x00000117e92c7f70, 0x00000117c4845270, 0x00000117c4845d30, 0x00000117c488f4e0,
0x00000117c4890090, 0x00000117c4892f50, 0x00000117c4893900, 0x00000117c4894690,
0x00000117c4895130, 0x00000117c4899020, 0x00000117c4a13660, 0x00000117c4a13b70,
0x00000117c4a37b90, 0x00000117c4a38470, 0x00000117c4b78df0, 0x00000117c4cbc5a0,
0x00000117c4e462d0, 0x00000117c59bb9c0, 0x00000117c6c75270, 0x00000117c5d7e670,
0x00000117c7c37930, 0x00000117c607c940, 0x00000117c6204730, 0x00000117c5968880,
0x00000117c5802a90, 0x00000117c6c6d030, 0x00000117c6e2cbb0, 0x00000117c6e2d080,
0x00000117c6e2b3a0, 0x00000117c6e2aa00, 0x00000117c6e2aed0, 0x00000117c6e2d550,
0x00000117c6e2b870, 0x00000117c6e2da20, 0x00000117c6e2c210, 0x00000117c6e2c6e0,
0x00000117c6e2a060, 0x00000117cadecd00, 0x00000117caded1d0, 0x00000117cadec360,
0x00000117cadebe90, 0x00000117cadea680, 0x00000117cadee040, 0x00000117cade9340,
0x00000117cadeb4f0, 0x00000117cade9810, 0x00000117cadee510, 0x00000117cadeb9c0,
0x00000117cadec830, 0x00000117cade89a0, 0x00000117cadee9e0, 0x00000117caded6a0,
0x00000117ca684520, 0x00000117ca6849f0, 0x00000117ca6896f0, 0x00000117ca684ec0,
0x00000117ca685390, 0x00000117ca689220, 0x00000117ca688880, 0x00000117ca689bc0,
0x00000117ca682370, 0x00000117ca685d30, 0x00000117ca685860, 0x00000117ca686200,
0x00000117ca6866d0, 0x00000117ca686ba0, 0x00000117ca683b80, 0x00000117ca687070,
0x00000117ca688d50, 0x00000117ca682840, 0x00000117ca684050, 0x00000117ca687540,
0x00000117ca682d10, 0x00000117ca6831e0, 0x00000117ca6836b0, 0x00000117ca687a10,
0x00000117ca687ee0, 0x00000117ca6883b0, 0x00000117c9f52060, 0x00000117c9f52530,
0x00000117c9f52a00, 0x00000117c9f4c4f0, 0x00000117c9f4f9e0, 0x00000117c9f4c020,
0x00000117c9f4c9c0, 0x00000117c9f50d20, 0x00000117c9f52ed0, 0x00000117c9f4e1d0,
0x00000117c9f4dd00, 0x00000117c9f51b90, 0x00000117c9f533a0, 0x00000117c9f4ce90,
0x00000117c9f4d360, 0x00000117c9f4d830, 0x00000117c9f4e6a0, 0x00000117c9f53870,
0x00000117c9f4eb70, 0x00000117c9f4feb0, 0x00000117c9f511f0, 0x00000117c9f516c0,
0x00000117c9f4f040, 0x00000117c9f50380, 0x00000117c9f4f510, 0x00000117c9f50850,
0x00000117ca1e2910, 0x00000117ca1e3c50, 0x00000117ca1e2de0, 0x00000117ca1e62d0,
0x00000117ca1e32b0, 0x00000117ca1e97c0, 0x00000117ca1e9c90, 0x00000117ca1e4f90,
0x00000117ca1e5460, 0x00000117ca1e8950, 0x00000117ca1ea160, 0x00000117ca1e67a0,
0x00000117ca1e3780, 0x00000117ca1e6c70, 0x00000117ca1e4120, 0x00000117ca1e45f0,
0x00000117ca1e5930, 0x00000117ca1e8e20, 0x00000117ca1e8480, 0x00000117ca1e4ac0,
0x00000117ca1e5e00, 0x00000117ca1e7140, 0x00000117ca1e7610, 0x00000117ca1e92f0,
0x00000117ca1e7ae0, 0x00000117ca1e7fb0, 0x00000117ca53a600, 0x00000117ca53b470,
0x00000117ca53afa0, 0x00000117ca539c60, 0x00000117ca53ee30, 0x00000117ca540640,
0x00000117ca53fca0, 0x00000117ca53b940, 0x00000117ca540170, 0x00000117ca53be10,
0x00000117ca53daf0, 0x00000117ca53cc80, 0x00000117ca53a130, 0x00000117ca53aad0,
0x00000117ca538df0, 0x00000117ca53c2e0, 0x00000117ca53c7b0, 0x00000117ca53d150,
0x00000117ca53d620, 0x00000117ca53e490, 0x00000117ca5392c0, 0x00000117ca539790,
0x00000117ca53e960, 0x00000117ca53dfc0, 0x00000117ca53f300, 0x00000117ca53f7d0,
0x00000117cb116a30, 0x00000117cb114d50, 0x00000117cb115bc0, 0x00000117cb115220,
0x00000117cb11a3f0, 0x00000117cb118240, 0x00000117cb117d70, 0x00000117cb118710,
0x00000117cb118be0, 0x00000117cb11a8c0, 0x00000117cb1173d0, 0x00000117cb1190b0,
0x00000117cb11b730, 0x00000117cb1156f0, 0x00000117cb11b260, 0x00000117cb119580,
0x00000117cb119a50, 0x00000117cb119f20, 0x00000117cb11c0d0, 0x00000117cb116090,
0x00000117cb11bc00, 0x00000117cb114880, 0x00000117cb116560, 0x00000117cb116f00,
0x00000117cb688580, 0x00000117cb682ee0, 0x00000117c5adc0c0
}

Java Threads: ( => current thread )
  0x00000117e92c7f70 JavaThread "main" [_thread_blocked, id=4400, stack(0x0000000100600000,0x0000000100700000)]
  0x00000117c4845270 JavaThread "Reference Handler" daemon [_thread_blocked, id=3308, stack(0x0000000100d00000,0x0000000100e00000)]
  0x00000117c4845d30 JavaThread "Finalizer" daemon [_thread_blocked, id=384, stack(0x0000000100e00000,0x0000000100f00000)]
  0x00000117c488f4e0 JavaThread "Signal Dispatcher" daemon [_thread_blocked, id=18444, stack(0x0000000100f00000,0x0000000101000000)]
  0x00000117c4890090 JavaThread "Attach Listener" daemon [_thread_blocked, id=19396, stack(0x0000000101000000,0x0000000101100000)]
  0x00000117c4892f50 JavaThread "Service Thread" daemon [_thread_blocked, id=9604, stack(0x0000000101100000,0x0000000101200000)]
  0x00000117c4893900 JavaThread "Monitor Deflation Thread" daemon [_thread_blocked, id=8300, stack(0x0000000101200000,0x0000000101300000)]
=>0x00000117c4894690 JavaThread "C2 CompilerThread0" daemon [_thread_in_native, id=11520, stack(0x0000000101300000,0x0000000101400000)]
  0x00000117c4895130 JavaThread "C1 CompilerThread0" daemon [_thread_blocked, id=5408, stack(0x0000000101400000,0x0000000101500000)]
  0x00000117c4899020 JavaThread "Sweeper thread" daemon [_thread_blocked, id=12912, stack(0x0000000101500000,0x0000000101600000)]
  0x00000117c4a13660 JavaThread "C1 CompilerThread1" daemon [_thread_blocked, id=12756, stack(0x0000000101600000,0x0000000101700000)]
  0x00000117c4a13b70 JavaThread "C1 CompilerThread2" daemon [_thread_blocked, id=10472, stack(0x0000000101700000,0x0000000101800000)]
  0x00000117c4a37b90 JavaThread "Common-Cleaner" daemon [_thread_blocked, id=18140, stack(0x0000000101800000,0x0000000101900000)]
  0x00000117c4a38470 JavaThread "Notification Thread" daemon [_thread_blocked, id=14512, stack(0x0000000101900000,0x0000000101a00000)]
  0x00000117c4b78df0 JavaThread "C2 CompilerThread1" daemon [_thread_in_native, id=3880, stack(0x0000000101b00000,0x0000000101c00000)]
  0x00000117c4cbc5a0 JavaThread "C2 CompilerThread2" daemon [_thread_in_native, id=8440, stack(0x0000000101c00000,0x0000000101d00000)]
  0x00000117c4e462d0 JavaThread "C2 CompilerThread3" daemon [_thread_in_native, id=18024, stack(0x0000000101d00000,0x0000000101e00000)]
  0x00000117c59bb9c0 JavaThread "C1 CompilerThread3" daemon [_thread_blocked, id=19472, stack(0x0000000102200000,0x0000000102300000)]
  0x00000117c6c75270 JavaThread "Daemon health stats" [_thread_blocked, id=14984, stack(0x0000000102300000,0x0000000102400000)]
  0x00000117c5d7e670 JavaThread "Incoming local TCP Connector on port 51822" [_thread_in_native, id=10096, stack(0x0000000102400000,0x0000000102500000)]
  0x00000117c7c37930 JavaThread "Daemon periodic checks" [_thread_blocked, id=19436, stack(0x0000000102500000,0x0000000102600000)]
  0x00000117c607c940 JavaThread "Daemon" [_thread_blocked, id=11764, stack(0x0000000102600000,0x0000000102700000)]
  0x00000117c6204730 JavaThread "Handler for socket connection from /127.0.0.1:51822 to /127.0.0.1:51823" [_thread_in_native, id=18892, stack(0x0000000102700000,0x0000000102800000)]
  0x00000117c5968880 JavaThread "Cancel handler" [_thread_blocked, id=3228, stack(0x0000000102800000,0x0000000102900000)]
  0x00000117c5802a90 JavaThread "Daemon worker" [_thread_in_vm, id=6204, stack(0x0000000102900000,0x0000000102a00000)]
  0x00000117c6c6d030 JavaThread "Asynchronous log dispatcher for DefaultDaemonConnection: socket connection from /127.0.0.1:51822 to /127.0.0.1:51823" [_thread_blocked, id=19536, stack(0x0000000102a00000,0x0000000102b00000)]
  0x00000117c6e2cbb0 JavaThread "Stdin handler" [_thread_blocked, id=19548, stack(0x0000000102b00000,0x0000000102c00000)]
  0x00000117c6e2d080 JavaThread "Daemon client event forwarder" [_thread_blocked, id=19544, stack(0x0000000102c00000,0x0000000102d00000)]
  0x00000117c6e2b3a0 JavaThread "Cache worker for journal cache (C:\Users\mrcod\.gradle\caches\journal-1)" [_thread_blocked, id=19480, stack(0x0000000103700000,0x0000000103800000)]
  0x00000117c6e2aa00 JavaThread "File lock request listener" [_thread_in_native, id=19528, stack(0x0000000103800000,0x0000000103900000)]
  0x00000117c6e2aed0 JavaThread "Cache worker for file hash cache (C:\Users\mrcod\.gradle\caches\8.0\fileHashes)" [_thread_blocked, id=18784, stack(0x0000000103900000,0x0000000103a00000)]
  0x00000117c6e2d550 JavaThread "File watcher server" daemon [_thread_in_native, id=20056, stack(0x0000000103a00000,0x0000000103b00000)]
  0x00000117c6e2b870 JavaThread "File watcher consumer" daemon [_thread_blocked, id=20080, stack(0x0000000103b00000,0x0000000103c00000)]
  0x00000117c6e2da20 JavaThread "Cache worker for checksums cache (C:\Users\mrcod\AndroidStudioProjects\MusicStreamingApp\.gradle\8.0\checksums)" [_thread_blocked, id=19884, stack(0x0000000103c00000,0x0000000103d00000)]
  0x00000117c6e2c210 JavaThread "Cache worker for cache directory md-rule (C:\Users\mrcod\.gradle\caches\8.0\md-rule)" [_thread_blocked, id=12256, stack(0x0000000103d00000,0x0000000103e00000)]
  0x00000117c6e2c6e0 JavaThread "Cache worker for file content cache (C:\Users\mrcod\.gradle\caches\8.0\fileContent)" [_thread_blocked, id=3100, stack(0x0000000103e00000,0x0000000103f00000)]
  0x00000117c6e2a060 JavaThread "Cache worker for file hash cache (C:\Users\mrcod\AndroidStudioProjects\MusicStreamingApp\.gradle\8.0\fileHashes)" [_thread_blocked, id=15512, stack(0x0000000103f00000,0x0000000104000000)]
  0x00000117cadecd00 JavaThread "Cache worker for cache directory md-supplier (C:\Users\mrcod\.gradle\caches\8.0\md-supplier)" [_thread_blocked, id=5856, stack(0x0000000104000000,0x0000000104100000)]
  0x00000117caded1d0 JavaThread "Cache worker for execution history cache (C:\Users\mrcod\.gradle\caches\8.0\executionHistory)" [_thread_blocked, id=6636, stack(0x0000000104100000,0x0000000104200000)]
  0x00000117cadec360 JavaThread "jar transforms" [_thread_blocked, id=3644, stack(0x0000000104200000,0x0000000104300000)]
  0x00000117cadebe90 JavaThread "jar transforms Thread 2" [_thread_blocked, id=18772, stack(0x0000000104300000,0x0000000104400000)]
  0x00000117cadea680 JavaThread "jar transforms Thread 3" [_thread_blocked, id=8328, stack(0x0000000104500000,0x0000000104600000)]
  0x00000117cadee040 JavaThread "jar transforms Thread 4" [_thread_blocked, id=9888, stack(0x0000000104600000,0x0000000104700000)]
  0x00000117cade9340 JavaThread "Cache worker for dependencies-accessors (C:\Users\mrcod\AndroidStudioProjects\MusicStreamingApp\.gradle\8.0\dependencies-accessors)" [_thread_blocked, id=2536, stack(0x0000000104700000,0x0000000104800000)]
  0x00000117cadeb4f0 JavaThread "jar transforms Thread 5" [_thread_blocked, id=7344, stack(0x0000000104400000,0x0000000104500000)]
  0x00000117cade9810 JavaThread "Cache worker for Build Output Cleanup Cache (C:\Users\mrcod\AndroidStudioProjects\MusicStreamingApp\.gradle\buildOutputCleanup)" [_thread_blocked, id=17576, stack(0x0000000104800000,0x0000000104900000)]
  0x00000117cadee510 JavaThread "Unconstrained build operations" [_thread_blocked, id=8504, stack(0x0000000104900000,0x0000000104a00000)]
  0x00000117cadeb9c0 JavaThread "Unconstrained build operations Thread 2" [_thread_blocked, id=4344, stack(0x0000000104a00000,0x0000000104b00000)]
  0x00000117cadec830 JavaThread "Unconstrained build operations Thread 3" [_thread_blocked, id=18500, stack(0x0000000104b00000,0x0000000104c00000)]
  0x00000117cade89a0 JavaThread "Unconstrained build operations Thread 4" [_thread_blocked, id=4320, stack(0x0000000104c00000,0x0000000104d00000)]
  0x00000117cadee9e0 JavaThread "Unconstrained build operations Thread 5" [_thread_blocked, id=16332, stack(0x0000000104d00000,0x0000000104e00000)]
  0x00000117caded6a0 JavaThread "Unconstrained build operations Thread 6" [_thread_blocked, id=19340, stack(0x0000000104e00000,0x0000000104f00000)]
  0x00000117ca684520 JavaThread "Unconstrained build operations Thread 7" [_thread_blocked, id=14972, stack(0x0000000104f00000,0x0000000105000000)]
  0x00000117ca6849f0 JavaThread "Unconstrained build operations Thread 8" [_thread_blocked, id=17496, stack(0x0000000105000000,0x0000000105100000)]
  0x00000117ca6896f0 JavaThread "Unconstrained build operations Thread 9" [_thread_blocked, id=8912, stack(0x0000000105100000,0x0000000105200000)]
  0x00000117ca684ec0 JavaThread "Unconstrained build operations Thread 10" [_thread_blocked, id=8464, stack(0x0000000105200000,0x0000000105300000)]
  0x00000117ca685390 JavaThread "Unconstrained build operations Thread 11" [_thread_blocked, id=9740, stack(0x0000000105300000,0x0000000105400000)]
  0x00000117ca689220 JavaThread "Unconstrained build operations Thread 12" [_thread_blocked, id=11804, stack(0x0000000105400000,0x0000000105500000)]
  0x00000117ca688880 JavaThread "Unconstrained build operations Thread 13" [_thread_blocked, id=6340, stack(0x0000000105500000,0x0000000105600000)]
  0x00000117ca689bc0 JavaThread "Unconstrained build operations Thread 14" [_thread_blocked, id=9232, stack(0x0000000105600000,0x0000000105700000)]
  0x00000117ca682370 JavaThread "Unconstrained build operations Thread 15" [_thread_blocked, id=19068, stack(0x0000000105700000,0x0000000105800000)]
  0x00000117ca685d30 JavaThread "Unconstrained build operations Thread 16" [_thread_blocked, id=3996, stack(0x0000000105800000,0x0000000105900000)]
  0x00000117ca685860 JavaThread "Unconstrained build operations Thread 17" [_thread_blocked, id=9444, stack(0x0000000105900000,0x0000000105a00000)]
  0x00000117ca686200 JavaThread "Unconstrained build operations Thread 18" [_thread_blocked, id=1844, stack(0x0000000105a00000,0x0000000105b00000)]
  0x00000117ca6866d0 JavaThread "Unconstrained build operations Thread 19" [_thread_blocked, id=12752, stack(0x0000000105b00000,0x0000000105c00000)]
  0x00000117ca686ba0 JavaThread "Unconstrained build operations Thread 20" [_thread_blocked, id=17396, stack(0x0000000105c00000,0x0000000105d00000)]
  0x00000117ca683b80 JavaThread "Unconstrained build operations Thread 21" [_thread_blocked, id=12488, stack(0x0000000105d00000,0x0000000105e00000)]
  0x00000117ca687070 JavaThread "Unconstrained build operations Thread 22" [_thread_blocked, id=1416, stack(0x0000000105e00000,0x0000000105f00000)]
  0x00000117ca688d50 JavaThread "Unconstrained build operations Thread 23" [_thread_blocked, id=14360, stack(0x0000000105f00000,0x0000000106000000)]
  0x00000117ca682840 JavaThread "Unconstrained build operations Thread 24" [_thread_blocked, id=9404, stack(0x0000000106000000,0x0000000106100000)]
  0x00000117ca684050 JavaThread "Unconstrained build operations Thread 25" [_thread_blocked, id=13316, stack(0x0000000106100000,0x0000000106200000)]
  0x00000117ca687540 JavaThread "Unconstrained build operations Thread 26" [_thread_blocked, id=18304, stack(0x0000000106200000,0x0000000106300000)]
  0x00000117ca682d10 JavaThread "Unconstrained build operations Thread 27" [_thread_blocked, id=18516, stack(0x0000000106300000,0x0000000106400000)]
  0x00000117ca6831e0 JavaThread "Unconstrained build operations Thread 28" [_thread_blocked, id=11508, stack(0x0000000106400000,0x0000000106500000)]
  0x00000117ca6836b0 JavaThread "Unconstrained build operations Thread 29" [_thread_blocked, id=4560, stack(0x0000000106500000,0x0000000106600000)]
  0x00000117ca687a10 JavaThread "Unconstrained build operations Thread 30" [_thread_blocked, id=13200, stack(0x0000000106600000,0x0000000106700000)]
  0x00000117ca687ee0 JavaThread "Unconstrained build operations Thread 31" [_thread_blocked, id=11612, stack(0x0000000106700000,0x0000000106800000)]
  0x00000117ca6883b0 JavaThread "Unconstrained build operations Thread 32" [_thread_blocked, id=11696, stack(0x0000000106800000,0x0000000106900000)]
  0x00000117c9f52060 JavaThread "Unconstrained build operations Thread 33" [_thread_blocked, id=18064, stack(0x0000000106900000,0x0000000106a00000)]
  0x00000117c9f52530 JavaThread "Unconstrained build operations Thread 34" [_thread_blocked, id=16764, stack(0x0000000106a00000,0x0000000106b00000)]
  0x00000117c9f52a00 JavaThread "Unconstrained build operations Thread 35" [_thread_blocked, id=7008, stack(0x0000000106b00000,0x0000000106c00000)]
  0x00000117c9f4c4f0 JavaThread "Unconstrained build operations Thread 36" [_thread_blocked, id=340, stack(0x0000000106c00000,0x0000000106d00000)]
  0x00000117c9f4f9e0 JavaThread "Unconstrained build operations Thread 37" [_thread_blocked, id=6936, stack(0x0000000106d00000,0x0000000106e00000)]
  0x00000117c9f4c020 JavaThread "Unconstrained build operations Thread 38" [_thread_blocked, id=19272, stack(0x0000000106e00000,0x0000000106f00000)]
  0x00000117c9f4c9c0 JavaThread "Unconstrained build operations Thread 39" [_thread_blocked, id=18608, stack(0x0000000106f00000,0x0000000107000000)]
  0x00000117c9f50d20 JavaThread "Unconstrained build operations Thread 40" [_thread_blocked, id=2140, stack(0x0000000107000000,0x0000000107100000)]
  0x00000117c9f52ed0 JavaThread "Unconstrained build operations Thread 41" [_thread_blocked, id=8568, stack(0x0000000107100000,0x0000000107200000)]
  0x00000117c9f4e1d0 JavaThread "Unconstrained build operations Thread 42" [_thread_blocked, id=3560, stack(0x0000000107200000,0x0000000107300000)]
  0x00000117c9f4dd00 JavaThread "Unconstrained build operations Thread 43" [_thread_blocked, id=2076, stack(0x0000000107300000,0x0000000107400000)]
  0x00000117c9f51b90 JavaThread "Unconstrained build operations Thread 44" [_thread_blocked, id=17152, stack(0x0000000107400000,0x0000000107500000)]
  0x00000117c9f533a0 JavaThread "Unconstrained build operations Thread 45" [_thread_blocked, id=2976, stack(0x0000000107500000,0x0000000107600000)]
  0x00000117c9f4ce90 JavaThread "Unconstrained build operations Thread 46" [_thread_blocked, id=13696, stack(0x0000000107600000,0x0000000107700000)]
  0x00000117c9f4d360 JavaThread "Unconstrained build operations Thread 47" [_thread_blocked, id=1320, stack(0x0000000107700000,0x0000000107800000)]
  0x00000117c9f4d830 JavaThread "Unconstrained build operations Thread 48" [_thread_blocked, id=2572, stack(0x0000000107800000,0x0000000107900000)]
  0x00000117c9f4e6a0 JavaThread "Unconstrained build operations Thread 49" [_thread_blocked, id=2212, stack(0x0000000107900000,0x0000000107a00000)]
  0x00000117c9f53870 JavaThread "Unconstrained build operations Thread 50" [_thread_blocked, id=12596, stack(0x0000000107a00000,0x0000000107b00000)]
  0x00000117c9f4eb70 JavaThread "Unconstrained build operations Thread 51" [_thread_blocked, id=3848, stack(0x0000000107b00000,0x0000000107c00000)]
  0x00000117c9f4feb0 JavaThread "Unconstrained build operations Thread 52" [_thread_blocked, id=18756, stack(0x0000000107c00000,0x0000000107d00000)]
  0x00000117c9f511f0 JavaThread "Unconstrained build operations Thread 53" [_thread_blocked, id=8704, stack(0x0000000107d00000,0x0000000107e00000)]
  0x00000117c9f516c0 JavaThread "Unconstrained build operations Thread 54" [_thread_blocked, id=7528, stack(0x0000000107e00000,0x0000000107f00000)]
  0x00000117c9f4f040 JavaThread "Unconstrained build operations Thread 55" [_thread_blocked, id=4380, stack(0x0000000107f00000,0x0000000108000000)]
  0x00000117c9f50380 JavaThread "Unconstrained build operations Thread 56" [_thread_blocked, id=7368, stack(0x0000000108000000,0x0000000108100000)]
  0x00000117c9f4f510 JavaThread "Unconstrained build operations Thread 57" [_thread_blocked, id=17584, stack(0x0000000108100000,0x0000000108200000)]
  0x00000117c9f50850 JavaThread "Unconstrained build operations Thread 58" [_thread_blocked, id=2640, stack(0x0000000108200000,0x0000000108300000)]
  0x00000117ca1e2910 JavaThread "Unconstrained build operations Thread 59" [_thread_blocked, id=13020, stack(0x0000000108300000,0x0000000108400000)]
  0x00000117ca1e3c50 JavaThread "Unconstrained build operations Thread 60" [_thread_blocked, id=11352, stack(0x0000000108400000,0x0000000108500000)]
  0x00000117ca1e2de0 JavaThread "Unconstrained build operations Thread 61" [_thread_blocked, id=19368, stack(0x0000000108500000,0x0000000108600000)]
  0x00000117ca1e62d0 JavaThread "Unconstrained build operations Thread 62" [_thread_blocked, id=12296, stack(0x0000000108600000,0x0000000108700000)]
  0x00000117ca1e32b0 JavaThread "Unconstrained build operations Thread 63" [_thread_blocked, id=10088, stack(0x0000000108700000,0x0000000108800000)]
  0x00000117ca1e97c0 JavaThread "Unconstrained build operations Thread 64" [_thread_blocked, id=12280, stack(0x0000000108800000,0x0000000108900000)]
  0x00000117ca1e9c90 JavaThread "Unconstrained build operations Thread 65" [_thread_blocked, id=18568, stack(0x0000000108900000,0x0000000108a00000)]
  0x00000117ca1e4f90 JavaThread "Unconstrained build operations Thread 66" [_thread_blocked, id=18832, stack(0x0000000108a00000,0x0000000108b00000)]
  0x00000117ca1e5460 JavaThread "Unconstrained build operations Thread 67" [_thread_blocked, id=5504, stack(0x0000000108b00000,0x0000000108c00000)]
  0x00000117ca1e8950 JavaThread "Unconstrained build operations Thread 68" [_thread_blocked, id=17180, stack(0x0000000108c00000,0x0000000108d00000)]
  0x00000117ca1ea160 JavaThread "Unconstrained build operations Thread 69" [_thread_blocked, id=2684, stack(0x0000000108d00000,0x0000000108e00000)]
  0x00000117ca1e67a0 JavaThread "Unconstrained build operations Thread 70" [_thread_blocked, id=5124, stack(0x0000000108e00000,0x0000000108f00000)]
  0x00000117ca1e3780 JavaThread "Unconstrained build operations Thread 71" [_thread_blocked, id=4628, stack(0x0000000108f00000,0x0000000109000000)]
  0x00000117ca1e6c70 JavaThread "Unconstrained build operations Thread 72" [_thread_blocked, id=17796, stack(0x0000000109000000,0x0000000109100000)]
  0x00000117ca1e4120 JavaThread "Unconstrained build operations Thread 73" [_thread_blocked, id=9756, stack(0x0000000109100000,0x0000000109200000)]
  0x00000117ca1e45f0 JavaThread "Unconstrained build operations Thread 74" [_thread_blocked, id=19176, stack(0x0000000109200000,0x0000000109300000)]
  0x00000117ca1e5930 JavaThread "Unconstrained build operations Thread 75" [_thread_blocked, id=12896, stack(0x0000000109300000,0x0000000109400000)]
  0x00000117ca1e8e20 JavaThread "Unconstrained build operations Thread 76" [_thread_blocked, id=3980, stack(0x0000000109400000,0x0000000109500000)]
  0x00000117ca1e8480 JavaThread "Unconstrained build operations Thread 77" [_thread_blocked, id=4964, stack(0x0000000109500000,0x0000000109600000)]
  0x00000117ca1e4ac0 JavaThread "Unconstrained build operations Thread 78" [_thread_blocked, id=1304, stack(0x0000000109600000,0x0000000109700000)]
  0x00000117ca1e5e00 JavaThread "Unconstrained build operations Thread 79" [_thread_blocked, id=1376, stack(0x0000000109700000,0x0000000109800000)]
  0x00000117ca1e7140 JavaThread "Unconstrained build operations Thread 80" [_thread_blocked, id=10208, stack(0x0000000109800000,0x0000000109900000)]
  0x00000117ca1e7610 JavaThread "Unconstrained build operations Thread 81" [_thread_blocked, id=18332, stack(0x0000000109900000,0x0000000109a00000)]
  0x00000117ca1e92f0 JavaThread "Unconstrained build operations Thread 82" [_thread_blocked, id=18872, stack(0x0000000109a00000,0x0000000109b00000)]
  0x00000117ca1e7ae0 JavaThread "Unconstrained build operations Thread 83" [_thread_blocked, id=13896, stack(0x0000000109b00000,0x0000000109c00000)]
  0x00000117ca1e7fb0 JavaThread "Unconstrained build operations Thread 84" [_thread_blocked, id=17700, stack(0x0000000109c00000,0x0000000109d00000)]
  0x00000117ca53a600 JavaThread "Unconstrained build operations Thread 85" [_thread_blocked, id=4768, stack(0x0000000109d00000,0x0000000109e00000)]
  0x00000117ca53b470 JavaThread "Unconstrained build operations Thread 86" [_thread_blocked, id=13168, stack(0x0000000109e00000,0x0000000109f00000)]
  0x00000117ca53afa0 JavaThread "Unconstrained build operations Thread 87" [_thread_blocked, id=12156, stack(0x0000000109f00000,0x000000010a000000)]
  0x00000117ca539c60 JavaThread "Unconstrained build operations Thread 88" [_thread_blocked, id=7388, stack(0x000000010a000000,0x000000010a100000)]
  0x00000117ca53ee30 JavaThread "Unconstrained build operations Thread 89" [_thread_blocked, id=19540, stack(0x000000010a100000,0x000000010a200000)]
  0x00000117ca540640 JavaThread "Unconstrained build operations Thread 90" [_thread_blocked, id=19588, stack(0x000000010a200000,0x000000010a300000)]
  0x00000117ca53fca0 JavaThread "Unconstrained build operations Thread 91" [_thread_blocked, id=19632, stack(0x000000010a300000,0x000000010a400000)]
  0x00000117ca53b940 JavaThread "Unconstrained build operations Thread 92" [_thread_blocked, id=19636, stack(0x000000010a400000,0x000000010a500000)]
  0x00000117ca540170 JavaThread "Unconstrained build operations Thread 93" [_thread_blocked, id=19640, stack(0x000000010a500000,0x000000010a600000)]
  0x00000117ca53be10 JavaThread "Unconstrained build operations Thread 94" [_thread_blocked, id=19948, stack(0x000000010a600000,0x000000010a700000)]
  0x00000117ca53daf0 JavaThread "Unconstrained build operations Thread 95" [_thread_blocked, id=19648, stack(0x000000010a700000,0x000000010a800000)]
  0x00000117ca53cc80 JavaThread "Unconstrained build operations Thread 96" [_thread_blocked, id=19652, stack(0x000000010a800000,0x000000010a900000)]
  0x00000117ca53a130 JavaThread "Unconstrained build operations Thread 97" [_thread_blocked, id=19656, stack(0x000000010a900000,0x000000010aa00000)]
  0x00000117ca53aad0 JavaThread "Unconstrained build operations Thread 98" [_thread_blocked, id=19660, stack(0x000000010aa00000,0x000000010ab00000)]
  0x00000117ca538df0 JavaThread "Unconstrained build operations Thread 99" [_thread_blocked, id=19664, stack(0x000000010ab00000,0x000000010ac00000)]
  0x00000117ca53c2e0 JavaThread "Unconstrained build operations Thread 100" [_thread_blocked, id=19668, stack(0x000000010ac00000,0x000000010ad00000)]
  0x00000117ca53c7b0 JavaThread "Unconstrained build operations Thread 101" [_thread_blocked, id=19672, stack(0x000000010ad00000,0x000000010ae00000)]
  0x00000117ca53d150 JavaThread "Unconstrained build operations Thread 102" [_thread_blocked, id=19676, stack(0x000000010ae00000,0x000000010af00000)]
  0x00000117ca53d620 JavaThread "Unconstrained build operations Thread 103" [_thread_blocked, id=19680, stack(0x000000010af00000,0x000000010b000000)]
  0x00000117ca53e490 JavaThread "Unconstrained build operations Thread 104" [_thread_blocked, id=19684, stack(0x000000010b000000,0x000000010b100000)]
  0x00000117ca5392c0 JavaThread "Unconstrained build operations Thread 105" [_thread_blocked, id=19688, stack(0x000000010b100000,0x000000010b200000)]
  0x00000117ca539790 JavaThread "Unconstrained build operations Thread 106" [_thread_blocked, id=19692, stack(0x000000010b200000,0x000000010b300000)]
  0x00000117ca53e960 JavaThread "Unconstrained build operations Thread 107" [_thread_blocked, id=19696, stack(0x000000010b300000,0x000000010b400000)]
  0x00000117ca53dfc0 JavaThread "Unconstrained build operations Thread 108" [_thread_blocked, id=19700, stack(0x000000010b400000,0x000000010b500000)]
  0x00000117ca53f300 JavaThread "Unconstrained build operations Thread 109" [_thread_blocked, id=19704, stack(0x000000010b500000,0x000000010b600000)]
  0x00000117ca53f7d0 JavaThread "Unconstrained build operations Thread 110" [_thread_blocked, id=19708, stack(0x000000010b600000,0x000000010b700000)]
  0x00000117cb116a30 JavaThread "Unconstrained build operations Thread 111" [_thread_blocked, id=19712, stack(0x000000010b700000,0x000000010b800000)]
  0x00000117cb114d50 JavaThread "Unconstrained build operations Thread 112" [_thread_blocked, id=19716, stack(0x000000010b800000,0x000000010b900000)]
  0x00000117cb115bc0 JavaThread "Unconstrained build operations Thread 113" [_thread_blocked, id=19720, stack(0x000000010b900000,0x000000010ba00000)]
  0x00000117cb115220 JavaThread "Unconstrained build operations Thread 114" [_thread_blocked, id=19724, stack(0x000000010ba00000,0x000000010bb00000)]
  0x00000117cb11a3f0 JavaThread "Unconstrained build operations Thread 115" [_thread_blocked, id=19732, stack(0x000000010bb00000,0x000000010bc00000)]
  0x00000117cb118240 JavaThread "Unconstrained build operations Thread 116" [_thread_blocked, id=19736, stack(0x000000010bc00000,0x000000010bd00000)]
  0x00000117cb117d70 JavaThread "Unconstrained build operations Thread 117" [_thread_blocked, id=19740, stack(0x000000010bd00000,0x000000010be00000)]
  0x00000117cb118710 JavaThread "Unconstrained build operations Thread 118" [_thread_blocked, id=19744, stack(0x000000010be00000,0x000000010bf00000)]
  0x00000117cb118be0 JavaThread "Unconstrained build operations Thread 119" [_thread_blocked, id=19748, stack(0x000000010bf00000,0x000000010c000000)]
  0x00000117cb11a8c0 JavaThread "Unconstrained build operations Thread 120" [_thread_blocked, id=19752, stack(0x000000010c000000,0x000000010c100000)]
  0x00000117cb1173d0 JavaThread "Unconstrained build operations Thread 121" [_thread_blocked, id=19756, stack(0x000000010c100000,0x000000010c200000)]
  0x00000117cb1190b0 JavaThread "Unconstrained build operations Thread 122" [_thread_blocked, id=19760, stack(0x000000010c200000,0x000000010c300000)]
  0x00000117cb11b730 JavaThread "Unconstrained build operations Thread 123" [_thread_blocked, id=19764, stack(0x000000010c300000,0x000000010c400000)]
  0x00000117cb1156f0 JavaThread "jar transforms Thread 6" [_thread_blocked, id=19768, stack(0x000000010c400000,0x000000010c500000)]
  0x00000117cb11b260 JavaThread "jar transforms Thread 7" [_thread_blocked, id=19772, stack(0x000000010c500000,0x000000010c600000)]
  0x00000117cb119580 JavaThread "jar transforms Thread 8" [_thread_blocked, id=19776, stack(0x000000010c600000,0x000000010c700000)]
  0x00000117cb119a50 JavaThread "jar transforms Thread 9" [_thread_blocked, id=19780, stack(0x000000010c700000,0x000000010c800000)]
  0x00000117cb119f20 JavaThread "jar transforms Thread 10" [_thread_blocked, id=19784, stack(0x000000010c800000,0x000000010c900000)]
  0x00000117cb11c0d0 JavaThread "jar transforms Thread 11" [_thread_blocked, id=19788, stack(0x000000010c900000,0x000000010ca00000)]
  0x00000117cb116090 JavaThread "jar transforms Thread 12" [_thread_blocked, id=19792, stack(0x000000010ca00000,0x000000010cb00000)]
  0x00000117cb11bc00 JavaThread "jar transforms Thread 13" [_thread_blocked, id=19796, stack(0x000000010cb00000,0x000000010cc00000)]
  0x00000117cb114880 JavaThread "jar transforms Thread 14" [_thread_blocked, id=19800, stack(0x000000010cc00000,0x000000010cd00000)]
  0x00000117cb116560 JavaThread "jar transforms Thread 15" [_thread_blocked, id=19804, stack(0x000000010cd00000,0x000000010ce00000)]
  0x00000117cb116f00 JavaThread "jar transforms Thread 16" [_thread_blocked, id=19808, stack(0x000000010ce00000,0x000000010cf00000)]
  0x00000117cb688580 JavaThread "build event listener" [_thread_blocked, id=19820, stack(0x000000010cf00000,0x000000010d000000)]
  0x00000117cb682ee0 JavaThread "Memory manager" [_thread_blocked, id=19824, stack(0x000000010d000000,0x000000010d100000)]
  0x00000117c5adc0c0 JavaThread "C2 CompilerThread4" daemon [_thread_in_native, id=19832, stack(0x000000010d100000,0x000000010d200000)]

Other Threads:
  0x00000117ffccc760 VMThread "VM Thread" [stack: 0x0000000100c00000,0x0000000100d00000] [id=19476]
  0x00000117c4a38f50 WatcherThread [stack: 0x0000000101a00000,0x0000000101b00000] [id=10200]
  0x00000117e9326050 GCTaskThread "GC Thread#0" [stack: 0x0000000100700000,0x0000000100800000] [id=18352]
  0x00000117c57dce70 GCTaskThread "GC Thread#1" [stack: 0x0000000101e00000,0x0000000101f00000] [id=4720]
  0x00000117c57dd120 GCTaskThread "GC Thread#2" [stack: 0x0000000101f00000,0x0000000102000000] [id=10168]
  0x00000117c538e060 GCTaskThread "GC Thread#3" [stack: 0x0000000102000000,0x0000000102100000] [id=14396]
  0x00000117c4e8f250 GCTaskThread "GC Thread#4" [stack: 0x0000000102100000,0x0000000102200000] [id=19184]
  0x00000117c70f5ff0 GCTaskThread "GC Thread#5" [stack: 0x0000000102d00000,0x0000000102e00000] [id=19520]
  0x00000117c6d34b20 GCTaskThread "GC Thread#6" [stack: 0x0000000102e00000,0x0000000102f00000] [id=1784]
  0x00000117c633d900 GCTaskThread "GC Thread#7" [stack: 0x0000000102f00000,0x0000000103000000] [id=16596]
  0x00000117c633dbb0 GCTaskThread "GC Thread#8" [stack: 0x0000000103000000,0x0000000103100000] [id=12852]
  0x00000117c6210a20 GCTaskThread "GC Thread#9" [stack: 0x0000000103100000,0x0000000103200000] [id=14588]
  0x00000117c6dc08d0 GCTaskThread "GC Thread#10" [stack: 0x0000000103200000,0x0000000103300000] [id=19172]
  0x00000117c6dc0b80 GCTaskThread "GC Thread#11" [stack: 0x0000000103300000,0x0000000103400000] [id=8484]
  0x00000117c6dc0e30 GCTaskThread "GC Thread#12" [stack: 0x0000000103400000,0x0000000103500000] [id=19508]
  0x00000117e9375010 ConcurrentGCThread "G1 Main Marker" [stack: 0x0000000100800000,0x0000000100900000] [id=17560]
  0x00000117e93761c0 ConcurrentGCThread "G1 Conc#0" [stack: 0x0000000100900000,0x0000000100a00000] [id=12716]
  0x00000117c6dc00c0 ConcurrentGCThread "G1 Conc#1" [stack: 0x0000000103500000,0x0000000103600000] [id=19512]
  0x00000117c6dc18f0 ConcurrentGCThread "G1 Conc#2" [stack: 0x0000000103600000,0x0000000103700000] [id=19516]
  0x00000117e938eb70 ConcurrentGCThread "G1 Refine#0" [stack: 0x0000000100a00000,0x0000000100b00000] [id=17608]
  0x00000117ffb636f0 ConcurrentGCThread "G1 Service" [stack: 0x0000000100b00000,0x0000000100c00000] [id=19504]

Threads with active compile tasks:
C2 CompilerThread0     5958 7599   !   4       org.codehaus.groovy.reflection.stdclasses.CachedSAMClass::hasUsableImplementation (72 bytes)
C2 CompilerThread1     5958 7596       4       java.lang.Class::getMethod (59 bytes)
C2 CompilerThread2     5958 7620       4       com.sun.beans.TypeResolver::resolve (37 bytes)
C2 CompilerThread3     5958 7600       4       java.lang.Class::getMethod0 (31 bytes)
C2 CompilerThread4     5958 7617   !   4       com.sun.beans.TypeResolver::resolve (261 bytes)

VM state: not at safepoint (normal execution)

VM Mutex/Monitor currently owned by a thread: None

Heap address: 0x0000000080000000, size: 2048 MB, Compressed Oops mode: 32-bit

CDS archive(s) not mapped
Compressed class space mapped at: 0x0000011784000000-0x00000117c4000000, reserved size: 1073741824
Narrow klass base: 0x0000011784000000, Narrow klass shift: 0, Narrow klass range: 0x40000000

GC Precious Log:
 CPUs: 16 total, 16 available
 Memory: 15613M
 Large Page Support: Disabled
 NUMA Support: Disabled
 Compressed Oops: Enabled (32-bit)
 Heap Region Size: 1M
 Heap Min Capacity: 8M
 Heap Initial Capacity: 244M
 Heap Max Capacity: 2G
 Pre-touch: Disabled
 Parallel Workers: 13
 Concurrent Workers: 3
 Concurrent Refinement Workers: 13
 Periodic GC: Disabled

Heap:
 garbage-first heap   total 104448K, used 72813K [0x0000000080000000, 0x0000000100000000)
  region size 1024K, 19 young (19456K), 1 survivors (1024K)
 Metaspace       used 69540K, committed 70144K, reserved 1114112K
  class space    used 9096K, committed 9344K, reserved 1048576K

Heap Regions: E=young(eden), S=young(survivor), O=old, HS=humongous(starts), HC=humongous(continues), CS=collection set, F=free, OA=open archive, CA=closed archive, TAMS=top-at-mark-start (previous, next)
|   0|0x0000000080000000, 0x0000000080100000, 0x0000000080100000|100%|HS|  |TAMS 0x0000000080100000, 0x0000000080000000| Complete 
|   1|0x0000000080100000, 0x0000000080200000, 0x0000000080200000|100%|HC|  |TAMS 0x0000000080200000, 0x0000000080100000| Complete 
|   2|0x0000000080200000, 0x0000000080300000, 0x0000000080300000|100%|HC|  |TAMS 0x0000000080300000, 0x0000000080200000| Complete 
|   3|0x0000000080300000, 0x0000000080400000, 0x0000000080400000|100%|HC|  |TAMS 0x0000000080400000, 0x0000000080300000| Complete 
|   4|0x0000000080400000, 0x0000000080500000, 0x0000000080500000|100%| O|  |TAMS 0x0000000080500000, 0x0000000080400000| Untracked 
|   5|0x0000000080500000, 0x0000000080600000, 0x0000000080600000|100%| O|  |TAMS 0x0000000080600000, 0x0000000080500000| Untracked 
|   6|0x0000000080600000, 0x0000000080700000, 0x0000000080700000|100%| O|  |TAMS 0x0000000080700000, 0x0000000080600000| Untracked 
|   7|0x0000000080700000, 0x0000000080800000, 0x0000000080800000|100%| O|  |TAMS 0x0000000080800000, 0x0000000080700000| Untracked 
|   8|0x0000000080800000, 0x0000000080900000, 0x0000000080900000|100%| O|  |TAMS 0x0000000080900000, 0x0000000080800000| Untracked 
|   9|0x0000000080900000, 0x0000000080a00000, 0x0000000080a00000|100%| O|  |TAMS 0x0000000080a00000, 0x0000000080900000| Untracked 
|  10|0x0000000080a00000, 0x0000000080b00000, 0x0000000080b00000|100%| O|  |TAMS 0x0000000080b00000, 0x0000000080a00000| Untracked 
|  11|0x0000000080b00000, 0x0000000080b00000, 0x0000000080c00000|  0%| F|  |TAMS 0x0000000080b00000, 0x0000000080b00000| Untracked 
|  12|0x0000000080c00000, 0x0000000080d00000, 0x0000000080d00000|100%| O|  |TAMS 0x0000000080d00000, 0x0000000080c00000| Untracked 
|  13|0x0000000080d00000, 0x0000000080e00000, 0x0000000080e00000|100%| O|  |TAMS 0x0000000080e00000, 0x0000000080d00000| Untracked 
|  14|0x0000000080e00000, 0x0000000080f00000, 0x0000000080f00000|100%| O|  |TAMS 0x0000000080f00000, 0x0000000080e00000| Untracked 
|  15|0x0000000080f00000, 0x0000000081000000, 0x0000000081000000|100%| O|  |TAMS 0x0000000081000000, 0x0000000080f00000| Untracked 
|  16|0x0000000081000000, 0x0000000081100000, 0x0000000081100000|100%| O|  |TAMS 0x0000000081100000, 0x0000000081000000| Untracked 
|  17|0x0000000081100000, 0x0000000081200000, 0x0000000081200000|100%| O|  |TAMS 0x0000000081200000, 0x0000000081100000| Untracked 
|  18|0x0000000081200000, 0x0000000081300000, 0x0000000081300000|100%| O|  |TAMS 0x0000000081300000, 0x0000000081200000| Untracked 
|  19|0x0000000081300000, 0x0000000081400000, 0x0000000081400000|100%| O|  |TAMS 0x0000000081400000, 0x0000000081300000| Untracked 
|  20|0x0000000081400000, 0x0000000081500000, 0x0000000081500000|100%| O|  |TAMS 0x0000000081500000, 0x0000000081400000| Untracked 
|  21|0x0000000081500000, 0x0000000081600000, 0x0000000081600000|100%| O|  |TAMS 0x0000000081600000, 0x0000000081500000| Untracked 
|  22|0x0000000081600000, 0x0000000081700000, 0x0000000081700000|100%| O|  |TAMS 0x0000000081700000, 0x0000000081600000| Untracked 
|  23|0x0000000081700000, 0x0000000081800000, 0x0000000081800000|100%| O|  |TAMS 0x0000000081800000, 0x0000000081700000| Untracked 
|  24|0x0000000081800000, 0x0000000081900000, 0x0000000081900000|100%| O|  |TAMS 0x0000000081900000, 0x0000000081800000| Untracked 
|  25|0x0000000081900000, 0x0000000081a00000, 0x0000000081a00000|100%| O|  |TAMS 0x0000000081a00000, 0x0000000081900000| Untracked 
|  26|0x0000000081a00000, 0x0000000081b00000, 0x0000000081b00000|100%| O|  |TAMS 0x0000000081b00000, 0x0000000081a00000| Untracked 
|  27|0x0000000081b00000, 0x0000000081c00000, 0x0000000081c00000|100%| O|  |TAMS 0x0000000081c00000, 0x0000000081b00000| Untracked 
|  28|0x0000000081c00000, 0x0000000081d00000, 0x0000000081d00000|100%| O|  |TAMS 0x0000000081d00000, 0x0000000081c00000| Untracked 
|  29|0x0000000081d00000, 0x0000000081e00000, 0x0000000081e00000|100%| O|  |TAMS 0x0000000081e00000, 0x0000000081d00000| Untracked 
|  30|0x0000000081e00000, 0x0000000081f00000, 0x0000000081f00000|100%| O|  |TAMS 0x0000000081f00000, 0x0000000081e00000| Untracked 
|  31|0x0000000081f00000, 0x0000000082000000, 0x0000000082000000|100%| O|  |TAMS 0x0000000082000000, 0x0000000081f00000| Untracked 
|  32|0x0000000082000000, 0x0000000082100000, 0x0000000082100000|100%| O|  |TAMS 0x0000000082100000, 0x0000000082000000| Untracked 
|  33|0x0000000082100000, 0x0000000082200000, 0x0000000082200000|100%|HS|  |TAMS 0x0000000082200000, 0x0000000082100000| Complete 
|  34|0x0000000082200000, 0x0000000082300000, 0x0000000082300000|100%|HS|  |TAMS 0x0000000082300000, 0x0000000082200000| Complete 
|  35|0x0000000082300000, 0x0000000082400000, 0x0000000082400000|100%| O|  |TAMS 0x0000000082400000, 0x0000000082300000| Untracked 
|  36|0x0000000082400000, 0x0000000082500000, 0x0000000082500000|100%| O|  |TAMS 0x0000000082500000, 0x0000000082400000| Untracked 
|  37|0x0000000082500000, 0x0000000082600000, 0x0000000082600000|100%| O|  |TAMS 0x0000000082600000, 0x0000000082500000| Untracked 
|  38|0x0000000082600000, 0x0000000082700000, 0x0000000082700000|100%| O|  |TAMS 0x0000000082700000, 0x0000000082600000| Untracked 
|  39|0x0000000082700000, 0x0000000082800000, 0x0000000082800000|100%| O|  |TAMS 0x0000000082800000, 0x0000000082700000| Untracked 
|  40|0x0000000082800000, 0x0000000082900000, 0x0000000082900000|100%| O|  |TAMS 0x0000000082900000, 0x0000000082800000| Untracked 
|  41|0x0000000082900000, 0x0000000082a00000, 0x0000000082a00000|100%| O|  |TAMS 0x0000000082a00000, 0x0000000082900000| Untracked 
|  42|0x0000000082a00000, 0x0000000082b00000, 0x0000000082b00000|100%| O|  |TAMS 0x0000000082b00000, 0x0000000082a00000| Untracked 
|  43|0x0000000082b00000, 0x0000000082c00000, 0x0000000082c00000|100%| O|  |TAMS 0x0000000082c00000, 0x0000000082b00000| Untracked 
|  44|0x0000000082c00000, 0x0000000082d00000, 0x0000000082d00000|100%| O|  |TAMS 0x0000000082d00000, 0x0000000082c00000| Untracked 
|  45|0x0000000082d00000, 0x0000000082e00000, 0x0000000082e00000|100%| O|  |TAMS 0x0000000082dd5a00, 0x0000000082d00000| Untracked 
|  46|0x0000000082e00000, 0x0000000082f00000, 0x0000000082f00000|100%| O|  |TAMS 0x0000000082e00000, 0x0000000082e00000| Untracked 
|  47|0x0000000082f00000, 0x0000000083000000, 0x0000000083000000|100%| O|  |TAMS 0x0000000082f00000, 0x0000000082f00000| Untracked 
|  48|0x0000000083000000, 0x0000000083100000, 0x0000000083100000|100%| O|  |TAMS 0x0000000083100000, 0x0000000083000000| Untracked 
|  49|0x0000000083100000, 0x0000000083200000, 0x0000000083200000|100%| O|  |TAMS 0x0000000083100000, 0x0000000083100000| Untracked 
|  50|0x0000000083200000, 0x0000000083300000, 0x0000000083300000|100%| O|  |TAMS 0x0000000083200000, 0x0000000083200000| Untracked 
|  51|0x0000000083300000, 0x0000000083400000, 0x0000000083400000|100%| O|  |TAMS 0x0000000083400000, 0x0000000083300000| Untracked 
|  52|0x0000000083400000, 0x0000000083500000, 0x0000000083500000|100%| O|  |TAMS 0x0000000083500000, 0x0000000083400000| Untracked 
|  53|0x0000000083500000, 0x0000000083600000, 0x0000000083600000|100%| O|  |TAMS 0x0000000083600000, 0x0000000083500000| Untracked 
|  54|0x0000000083600000, 0x000000008368c200, 0x0000000083700000| 54%| O|  |TAMS 0x0000000083600000, 0x0000000083600000| Untracked 
|  55|0x0000000083700000, 0x0000000083700000, 0x0000000083800000|  0%| F|  |TAMS 0x0000000083700000, 0x0000000083700000| Untracked 
|  56|0x0000000083800000, 0x0000000083800000, 0x0000000083900000|  0%| F|  |TAMS 0x0000000083800000, 0x0000000083800000| Untracked 
|  57|0x0000000083900000, 0x0000000083900000, 0x0000000083a00000|  0%| F|  |TAMS 0x0000000083900000, 0x0000000083900000| Untracked 
|  58|0x0000000083a00000, 0x0000000083a00000, 0x0000000083b00000|  0%| F|  |TAMS 0x0000000083a00000, 0x0000000083a00000| Untracked 
|  59|0x0000000083b00000, 0x0000000083b00000, 0x0000000083c00000|  0%| F|  |TAMS 0x0000000083b00000, 0x0000000083b00000| Untracked 
|  60|0x0000000083c00000, 0x0000000083c00000, 0x0000000083d00000|  0%| F|  |TAMS 0x0000000083c00000, 0x0000000083c00000| Untracked 
|  61|0x0000000083d00000, 0x0000000083d00000, 0x0000000083e00000|  0%| F|  |TAMS 0x0000000083d00000, 0x0000000083d00000| Untracked 
|  62|0x0000000083e00000, 0x0000000083e00000, 0x0000000083f00000|  0%| F|  |TAMS 0x0000000083e00000, 0x0000000083e00000| Untracked 
|  63|0x0000000083f00000, 0x0000000083f00000, 0x0000000084000000|  0%| F|  |TAMS 0x0000000083f00000, 0x0000000083f00000| Untracked 
|  64|0x0000000084000000, 0x0000000084000000, 0x0000000084100000|  0%| F|  |TAMS 0x0000000084000000, 0x0000000084000000| Untracked 
|  65|0x0000000084100000, 0x0000000084100000, 0x0000000084200000|  0%| F|  |TAMS 0x0000000084100000, 0x0000000084100000| Untracked 
|  66|0x0000000084200000, 0x0000000084200000, 0x0000000084300000|  0%| F|  |TAMS 0x0000000084200000, 0x0000000084200000| Untracked 
|  67|0x0000000084300000, 0x0000000084300000, 0x0000000084400000|  0%| F|  |TAMS 0x0000000084300000, 0x0000000084300000| Untracked 
|  68|0x0000000084400000, 0x0000000084400000, 0x0000000084500000|  0%| F|  |TAMS 0x0000000084400000, 0x0000000084400000| Untracked 
|  69|0x0000000084500000, 0x0000000084500000, 0x0000000084600000|  0%| F|  |TAMS 0x0000000084500000, 0x0000000084500000| Untracked 
|  70|0x0000000084600000, 0x0000000084600000, 0x0000000084700000|  0%| F|  |TAMS 0x0000000084600000, 0x0000000084600000| Untracked 
|  71|0x0000000084700000, 0x0000000084700000, 0x0000000084800000|  0%| F|  |TAMS 0x0000000084700000, 0x0000000084700000| Untracked 
|  72|0x0000000084800000, 0x0000000084800000, 0x0000000084900000|  0%| F|  |TAMS 0x0000000084800000, 0x0000000084800000| Untracked 
|  73|0x0000000084900000, 0x0000000084900000, 0x0000000084a00000|  0%| F|  |TAMS 0x0000000084900000, 0x0000000084900000| Untracked 
|  74|0x0000000084a00000, 0x0000000084a00000, 0x0000000084b00000|  0%| F|  |TAMS 0x0000000084a00000, 0x0000000084a00000| Untracked 
|  75|0x0000000084b00000, 0x0000000084b00000, 0x0000000084c00000|  0%| F|  |TAMS 0x0000000084b00000, 0x0000000084b00000| Untracked 
|  76|0x0000000084c00000, 0x0000000084c00000, 0x0000000084d00000|  0%| F|  |TAMS 0x0000000084c00000, 0x0000000084c00000| Untracked 
|  77|0x0000000084d00000, 0x0000000084d00000, 0x0000000084e00000|  0%| F|  |TAMS 0x0000000084d00000, 0x0000000084d00000| Untracked 
|  78|0x0000000084e00000, 0x0000000084e00000, 0x0000000084f00000|  0%| F|  |TAMS 0x0000000084e00000, 0x0000000084e00000| Untracked 
|  79|0x0000000084f00000, 0x0000000084f00000, 0x0000000085000000|  0%| F|  |TAMS 0x0000000084f00000, 0x0000000084f00000| Untracked 
|  80|0x0000000085000000, 0x0000000085000000, 0x0000000085100000|  0%| F|  |TAMS 0x0000000085000000, 0x0000000085000000| Untracked 
|  81|0x0000000085100000, 0x0000000085100000, 0x0000000085200000|  0%| F|  |TAMS 0x0000000085100000, 0x0000000085100000| Untracked 
|  82|0x0000000085200000, 0x0000000085200000, 0x0000000085300000|  0%| F|  |TAMS 0x0000000085200000, 0x0000000085200000| Untracked 
|  83|0x0000000085300000, 0x0000000085380c10, 0x0000000085400000| 50%| E|  |TAMS 0x0000000085300000, 0x0000000085300000| Complete 
|  84|0x0000000085400000, 0x0000000085500000, 0x0000000085500000|100%| E|CS|TAMS 0x0000000085400000, 0x0000000085400000| Complete 
|  85|0x0000000085500000, 0x0000000085600000, 0x0000000085600000|100%| E|CS|TAMS 0x0000000085500000, 0x0000000085500000| Complete 
|  86|0x0000000085600000, 0x0000000085700000, 0x0000000085700000|100%| E|CS|TAMS 0x0000000085600000, 0x0000000085600000| Complete 
|  87|0x0000000085700000, 0x0000000085800000, 0x0000000085800000|100%| E|CS|TAMS 0x0000000085700000, 0x0000000085700000| Complete 
|  88|0x0000000085800000, 0x0000000085900000, 0x0000000085900000|100%| E|CS|TAMS 0x0000000085800000, 0x0000000085800000| Complete 
|  89|0x0000000085900000, 0x0000000085a00000, 0x0000000085a00000|100%| E|CS|TAMS 0x0000000085900000, 0x0000000085900000| Complete 
|  90|0x0000000085a00000, 0x0000000085b00000, 0x0000000085b00000|100%| E|CS|TAMS 0x0000000085a00000, 0x0000000085a00000| Complete 
|  91|0x0000000085b00000, 0x0000000085c00000, 0x0000000085c00000|100%| E|CS|TAMS 0x0000000085b00000, 0x0000000085b00000| Complete 
| 193|0x000000008c100000, 0x000000008c200000, 0x000000008c200000|100%| E|CS|TAMS 0x000000008c100000, 0x000000008c100000| Complete 
| 194|0x000000008c200000, 0x000000008c300000, 0x000000008c300000|100%| E|CS|TAMS 0x000000008c200000, 0x000000008c200000| Complete 
| 195|0x000000008c300000, 0x000000008c400000, 0x000000008c400000|100%| E|CS|TAMS 0x000000008c300000, 0x000000008c300000| Complete 
| 196|0x000000008c400000, 0x000000008c500000, 0x000000008c500000|100%| E|CS|TAMS 0x000000008c400000, 0x000000008c400000| Complete 
| 197|0x000000008c500000, 0x000000008c600000, 0x000000008c600000|100%| E|CS|TAMS 0x000000008c500000, 0x000000008c500000| Complete 
| 198|0x000000008c600000, 0x000000008c700000, 0x000000008c700000|100%| E|CS|TAMS 0x000000008c600000, 0x000000008c600000| Complete 
| 199|0x000000008c700000, 0x000000008c800000, 0x000000008c800000|100%| E|CS|TAMS 0x000000008c700000, 0x000000008c700000| Complete 
| 200|0x000000008c800000, 0x000000008c88f200, 0x000000008c900000| 55%| S|CS|TAMS 0x000000008c800000, 0x000000008c800000| Complete 
| 201|0x000000008c900000, 0x000000008ca00000, 0x000000008ca00000|100%| E|CS|TAMS 0x000000008c900000, 0x000000008c900000| Complete 
| 243|0x000000008f300000, 0x000000008f400000, 0x000000008f400000|100%| E|CS|TAMS 0x000000008f300000, 0x000000008f300000| Complete 

Card table byte_map: [0x00000117fc420000,0x00000117fc820000] _byte_map_base: 0x00000117fc020000

Marking Bits (Prev, Next): (CMBitMap*) 0x00000117e93266a0, (CMBitMap*) 0x00000117e9326660
 Prev Bits: [0x0000011780000000, 0x0000011782000000)
 Next Bits: [0x00000117fcc20000, 0x00000117fec20000)

Polling page: 0x00000117e8a90000

Metaspace:

Usage:
  Non-class:     59.04 MB used.
      Class:      8.89 MB used.
       Both:     67.93 MB used.

Virtual space:
  Non-class space:       64.00 MB reserved,      59.38 MB ( 93%) committed,  8 nodes.
      Class space:        1.00 GB reserved,       9.12 MB ( <1%) committed,  1 nodes.
             Both:        1.06 GB reserved,      68.50 MB (  6%) committed. 

Chunk freelists:
   Non-Class:  368.00 KB
       Class:  2.89 MB
        Both:  3.25 MB

MaxMetaspaceSize: unlimited
CompressedClassSpaceSize: 1.00 GB
Initial GC threshold: 21.00 MB
Current GC threshold: 112.00 MB
CDS: off
MetaspaceReclaimPolicy: balanced
 - commit_granule_bytes: 65536.
 - commit_granule_words: 8192.
 - virtual_space_node_default_size: 1048576.
 - enlarge_chunks_in_place: 1.
 - new_chunks_are_fully_committed: 0.
 - uncommit_free_chunks: 1.
 - use_allocation_guard: 0.
 - handle_deallocations: 1.


Internal statistics:

num_allocs_failed_limit: 6.
num_arena_births: 622.
num_arena_deaths: 0.
num_vsnodes_births: 9.
num_vsnodes_deaths: 0.
num_space_committed: 1096.
num_space_uncommitted: 0.
num_chunks_returned_to_freelist: 6.
num_chunks_taken_from_freelist: 2902.
num_chunk_merges: 6.
num_chunk_splits: 1964.
num_chunks_enlarged: 1364.
num_purges: 0.
num_inconsistent_stats: 0.

CodeHeap 'non-profiled nmethods': size=119168Kb used=3864Kb max_used=3864Kb free=115303Kb
 bounds [0x00000117f4330000, 0x00000117f4700000, 0x00000117fb790000]
CodeHeap 'profiled nmethods': size=119104Kb used=13744Kb max_used=13744Kb free=105359Kb
 bounds [0x00000117ec790000, 0x00000117ed500000, 0x00000117f3be0000]
CodeHeap 'non-nmethods': size=7488Kb used=4047Kb max_used=4109Kb free=3440Kb
 bounds [0x00000117f3be0000, 0x00000117f3ff0000, 0x00000117f4330000]
 total_blobs=7697 nmethods=6815 adapters=791
 compilation: enabled
              stopped_count=0, restarted_count=0
 full_count=0

Compilation events (20 events):
Event: 5.886 Thread 0x00000117c5adc0c0 nmethod 7607 0x00000117f46f4a90 code [0x00000117f46f4c00, 0x00000117f46f4e98]
Event: 5.887 Thread 0x00000117c5adc0c0 7618       4       java.util.Hashtable$Enumerator::nextElement (111 bytes)
Event: 5.890 Thread 0x00000117c5adc0c0 nmethod 7618 0x00000117f46f4f90 code [0x00000117f46f5100, 0x00000117f46f5458]
Event: 5.890 Thread 0x00000117c5adc0c0 7619       4       java.util.Hashtable$Enumerator::next (27 bytes)
Event: 5.891 Thread 0x00000117c4a13660 7628       3       sun.reflect.generics.tree.Wildcard::<init> (15 bytes)
Event: 5.891 Thread 0x00000117c4895130 7627       3       sun.reflect.generics.tree.Wildcard::make (10 bytes)
Event: 5.891 Thread 0x00000117c4a13660 nmethod 7628 0x00000117ed4f9690 code [0x00000117ed4f9840, 0x00000117ed4f9a58]
Event: 5.891 Thread 0x00000117c4895130 nmethod 7627 0x00000117ed4f9b10 code [0x00000117ed4f9cc0, 0x00000117ed4f9f78]
Event: 5.894 Thread 0x00000117c4895130 7631       1       org.codehaus.groovy.runtime.callsite.AbstractCallSite::getArray (5 bytes)
Event: 5.894 Thread 0x00000117c4a13660 7632       1       groovy.lang.GroovyObjectSupport::getMetaClass (5 bytes)
Event: 5.894 Thread 0x00000117c4895130 nmethod 7631 0x00000117f46f5590 code [0x00000117f46f5720, 0x00000117f46f57f8]
Event: 5.894 Thread 0x00000117c4a13660 nmethod 7632 0x00000117f46f5890 code [0x00000117f46f5a20, 0x00000117f46f5af8]
Event: 5.895 Thread 0x00000117c5adc0c0 nmethod 7619 0x00000117f46f5b90 code [0x00000117f46f5d20, 0x00000117f46f60b8]
Event: 5.895 Thread 0x00000117c5adc0c0 7617   !   4       com.sun.beans.TypeResolver::resolve (261 bytes)
Event: 5.907 Thread 0x00000117c4895130 7633       3       java.lang.ThreadLocal::get (38 bytes)
Event: 5.907 Thread 0x00000117c4895130 nmethod 7633 0x00000117ed4fa090 code [0x00000117ed4fa260, 0x00000117ed4fa598]
Event: 5.908 Thread 0x00000117c4895130 7634       3       jdk.internal.loader.URLClassPath::findResource (38 bytes)
Event: 5.908 Thread 0x00000117c4a13660 7635       3       java.lang.String::contains (19 bytes)
Event: 5.909 Thread 0x00000117c4895130 nmethod 7634 0x00000117ed4fa710 code [0x00000117ed4fa8e0, 0x00000117ed4fac38]
Event: 5.909 Thread 0x00000117c4a13660 nmethod 7635 0x00000117ed4fad90 code [0x00000117ed4faf40, 0x00000117ed4fb1b8]

GC Heap History (20 events):
Event: 4.058 GC heap before
{Heap before GC invocations=14 (full 0):
 garbage-first heap   total 86016K, used 66616K [0x0000000080000000, 0x0000000100000000)
  region size 1024K, 34 young (34816K), 2 survivors (2048K)
 Metaspace       used 51617K, committed 52032K, reserved 1097728K
  class space    used 6797K, committed 6976K, reserved 1048576K
}
Event: 4.060 GC heap after
{Heap after GC invocations=15 (full 0):
 garbage-first heap   total 86016K, used 36130K [0x0000000080000000, 0x0000000100000000)
  region size 1024K, 4 young (4096K), 4 survivors (4096K)
 Metaspace       used 51617K, committed 52032K, reserved 1097728K
  class space    used 6797K, committed 6976K, reserved 1048576K
}
Event: 4.348 GC heap before
{Heap before GC invocations=15 (full 0):
 garbage-first heap   total 86016K, used 69922K [0x0000000080000000, 0x0000000100000000)
  region size 1024K, 35 young (35840K), 4 survivors (4096K)
 Metaspace       used 54074K, committed 54528K, reserved 1097728K
  class space    used 7120K, committed 7296K, reserved 1048576K
}
Event: 4.351 GC heap after
{Heap after GC invocations=16 (full 0):
 garbage-first heap   total 86016K, used 44370K [0x0000000080000000, 0x0000000100000000)
  region size 1024K, 5 young (5120K), 5 survivors (5120K)
 Metaspace       used 54074K, committed 54528K, reserved 1097728K
  class space    used 7120K, committed 7296K, reserved 1048576K
}
Event: 4.589 GC heap before
{Heap before GC invocations=16 (full 0):
 garbage-first heap   total 86016K, used 64850K [0x0000000080000000, 0x0000000100000000)
  region size 1024K, 25 young (25600K), 5 survivors (5120K)
 Metaspace       used 57477K, committed 57984K, reserved 1105920K
  class space    used 7542K, committed 7744K, reserved 1048576K
}
Event: 4.592 GC heap after
{Heap after GC invocations=17 (full 0):
 garbage-first heap   total 86016K, used 45214K [0x0000000080000000, 0x0000000100000000)
  region size 1024K, 1 young (1024K), 1 survivors (1024K)
 Metaspace       used 57477K, committed 57984K, reserved 1105920K
  class space    used 7542K, committed 7744K, reserved 1048576K
}
Event: 4.933 GC heap before
{Heap before GC invocations=18 (full 0):
 garbage-first heap   total 86016K, used 66718K [0x0000000080000000, 0x0000000100000000)
  region size 1024K, 22 young (22528K), 1 survivors (1024K)
 Metaspace       used 61405K, committed 61888K, reserved 1105920K
  class space    used 8052K, committed 8256K, reserved 1048576K
}
Event: 4.936 GC heap after
{Heap after GC invocations=19 (full 0):
 garbage-first heap   total 86016K, used 46315K [0x0000000080000000, 0x0000000100000000)
  region size 1024K, 2 young (2048K), 2 survivors (2048K)
 Metaspace       used 61405K, committed 61888K, reserved 1105920K
  class space    used 8052K, committed 8256K, reserved 1048576K
}
Event: 5.089 GC heap before
{Heap before GC invocations=19 (full 0):
 garbage-first heap   total 86016K, used 58603K [0x0000000080000000, 0x0000000100000000)
  region size 1024K, 15 young (15360K), 2 survivors (2048K)
 Metaspace       used 63923K, committed 64512K, reserved 1105920K
  class space    used 8372K, committed 8640K, reserved 1048576K
}
Event: 5.092 GC heap after
{Heap after GC invocations=20 (full 0):
 garbage-first heap   total 86016K, used 48037K [0x0000000080000000, 0x0000000100000000)
  region size 1024K, 3 young (3072K), 3 survivors (3072K)
 Metaspace       used 63923K, committed 64512K, reserved 1105920K
  class space    used 8372K, committed 8640K, reserved 1048576K
}
Event: 5.240 GC heap before
{Heap before GC invocations=21 (full 0):
 garbage-first heap   total 104448K, used 73637K [0x0000000080000000, 0x0000000100000000)
  region size 1024K, 22 young (22528K), 3 survivors (3072K)
 Metaspace       used 65042K, committed 65536K, reserved 1105920K
  class space    used 8514K, committed 8768K, reserved 1048576K
}
Event: 5.243 GC heap after
{Heap after GC invocations=22 (full 0):
 garbage-first heap   total 104448K, used 50150K [0x0000000080000000, 0x0000000100000000)
  region size 1024K, 3 young (3072K), 3 survivors (3072K)
 Metaspace       used 65042K, committed 65536K, reserved 1105920K
  class space    used 8514K, committed 8768K, reserved 1048576K
}
Event: 5.502 GC heap before
{Heap before GC invocations=22 (full 0):
 garbage-first heap   total 104448K, used 76774K [0x0000000080000000, 0x0000000100000000)
  region size 1024K, 29 young (29696K), 3 survivors (3072K)
 Metaspace       used 67119K, committed 67648K, reserved 1114112K
  class space    used 8771K, committed 9024K, reserved 1048576K
}
Event: 5.505 GC heap after
{Heap after GC invocations=23 (full 0):
 garbage-first heap   total 104448K, used 52743K [0x0000000080000000, 0x0000000100000000)
  region size 1024K, 3 young (3072K), 3 survivors (3072K)
 Metaspace       used 67119K, committed 67648K, reserved 1114112K
  class space    used 8771K, committed 9024K, reserved 1048576K
}
Event: 5.608 GC heap before
{Heap before GC invocations=24 (full 0):
 garbage-first heap   total 104448K, used 60935K [0x0000000080000000, 0x0000000100000000)
  region size 1024K, 12 young (12288K), 3 survivors (3072K)
 Metaspace       used 68078K, committed 68608K, reserved 1114112K
  class space    used 8875K, committed 9088K, reserved 1048576K
}
Event: 5.610 GC heap after
{Heap after GC invocations=25 (full 0):
 garbage-first heap   total 104448K, used 53663K [0x0000000080000000, 0x0000000100000000)
  region size 1024K, 2 young (2048K), 2 survivors (2048K)
 Metaspace       used 68078K, committed 68608K, reserved 1114112K
  class space    used 8875K, committed 9088K, reserved 1048576K
}
Event: 5.805 GC heap before
{Heap before GC invocations=26 (full 0):
 garbage-first heap   total 104448K, used 79263K [0x0000000080000000, 0x0000000100000000)
  region size 1024K, 27 young (27648K), 2 survivors (2048K)
 Metaspace       used 68986K, committed 69504K, reserved 1114112K
  class space    used 9025K, committed 9280K, reserved 1048576K
}
Event: 5.806 GC heap after
{Heap after GC invocations=27 (full 0):
 garbage-first heap   total 104448K, used 54888K [0x0000000080000000, 0x0000000100000000)
  region size 1024K, 3 young (3072K), 3 survivors (3072K)
 Metaspace       used 68986K, committed 69504K, reserved 1114112K
  class space    used 9025K, committed 9280K, reserved 1048576K
}
Event: 5.816 GC heap before
{Heap before GC invocations=27 (full 0):
 garbage-first heap   total 104448K, used 56936K [0x0000000080000000, 0x0000000100000000)
  region size 1024K, 5 young (5120K), 3 survivors (3072K)
 Metaspace       used 68999K, committed 69504K, reserved 1114112K
  class space    used 9027K, committed 9280K, reserved 1048576K
}
Event: 5.817 GC heap after
{Heap after GC invocations=28 (full 0):
 garbage-first heap   total 104448K, used 55405K [0x0000000080000000, 0x0000000100000000)
  region size 1024K, 1 young (1024K), 1 survivors (1024K)
 Metaspace       used 68999K, committed 69504K, reserved 1114112K
  class space    used 9027K, committed 9280K, reserved 1048576K
}

Dll operation events (2 events):
Event: 0.005 Loaded shared library C:\Program Files\Android\Android Studio\jbr\bin\java.dll
Event: 0.292 Loaded shared library C:\Program Files\Android\Android Studio\jbr\bin\verify.dll

Deoptimization events (20 events):
Event: 5.707 Thread 0x00000117c5802a90 Uncommon trap: trap_request=0xffffff45 fr.pc=0x00000117f46ad010 relative=0x0000000000001a90
Event: 5.707 Thread 0x00000117c5802a90 Uncommon trap: reason=unstable_if action=reinterpret pc=0x00000117f46ad010 method=java.util.concurrent.ConcurrentHashMap.computeIfAbsent(Ljava/lang/Object;Ljava/util/function/Function;)Ljava/lang/Object; @ 364 c2
Event: 5.707 Thread 0x00000117c5802a90 DEOPT PACKING pc=0x00000117f46ad010 sp=0x00000001029f72f0
Event: 5.707 Thread 0x00000117c5802a90 DEOPT UNPACKING pc=0x00000117f3c369a3 sp=0x00000001029f7278 mode 2
Event: 5.803 Thread 0x00000117c5802a90 Uncommon trap: trap_request=0xfffffff4 fr.pc=0x00000117f46e2fc4 relative=0x00000000000009a4
Event: 5.803 Thread 0x00000117c5802a90 Uncommon trap: reason=null_check action=make_not_entrant pc=0x00000117f46e2fc4 method=com.sun.beans.introspect.MethodInfo$MethodOrder.compare(Ljava/lang/reflect/Method;Ljava/lang/reflect/Method;)I @ 133 c2
Event: 5.803 Thread 0x00000117c5802a90 DEOPT PACKING pc=0x00000117f46e2fc4 sp=0x00000001029f4cd0
Event: 5.803 Thread 0x00000117c5802a90 DEOPT UNPACKING pc=0x00000117f3c369a3 sp=0x00000001029f4c00 mode 2
Event: 5.803 Thread 0x00000117c5802a90 Uncommon trap: trap_request=0xfffffff4 fr.pc=0x00000117f46e1ca0 relative=0x0000000000000920
Event: 5.803 Thread 0x00000117c5802a90 Uncommon trap: reason=null_check action=make_not_entrant pc=0x00000117f46e1ca0 method=com.sun.beans.introspect.MethodInfo$MethodOrder.compare(Ljava/lang/reflect/Method;Ljava/lang/reflect/Method;)I @ 133 c2
Event: 5.803 Thread 0x00000117c5802a90 DEOPT PACKING pc=0x00000117f46e1ca0 sp=0x00000001029f4c30
Event: 5.803 Thread 0x00000117c5802a90 DEOPT UNPACKING pc=0x00000117f3c369a3 sp=0x00000001029f4be8 mode 2
Event: 5.822 Thread 0x00000117c5802a90 DEOPT PACKING pc=0x00000117ecdd4bb0 sp=0x00000001029f4440
Event: 5.822 Thread 0x00000117c5802a90 DEOPT UNPACKING pc=0x00000117f3c37143 sp=0x00000001029f3890 mode 0
Event: 5.852 Thread 0x00000117c5802a90 DEOPT PACKING pc=0x00000117ecdd4bb0 sp=0x00000001029f2de0
Event: 5.852 Thread 0x00000117c5802a90 DEOPT UNPACKING pc=0x00000117f3c37143 sp=0x00000001029f2230 mode 0
Event: 5.894 Thread 0x00000117c5802a90 Uncommon trap: trap_request=0xffffff45 fr.pc=0x00000117f4601aac relative=0x00000000000001ec
Event: 5.894 Thread 0x00000117c5802a90 Uncommon trap: reason=unstable_if action=reinterpret pc=0x00000117f4601aac method=java.lang.ThreadLocal$ThreadLocalMap.getEntryAfterMiss(Ljava/lang/ThreadLocal;ILjava/lang/ThreadLocal$ThreadLocalMap$Entry;)Ljava/lang/ThreadLocal$ThreadLocalMap$Entry; @ 30
Event: 5.894 Thread 0x00000117c5802a90 DEOPT PACKING pc=0x00000117f4601aac sp=0x00000001029f7180
Event: 5.894 Thread 0x00000117c5802a90 DEOPT UNPACKING pc=0x00000117f3c369a3 sp=0x00000001029f7008 mode 2

Classes unloaded (0 events):
No events

Classes redefined (0 events):
No events

Internal exceptions (20 events):
Event: 5.859 Thread 0x00000117c5802a90 Exception <a 'java/lang/ClassNotFoundException'{0x0000000085b93840}: com/android/builder/core/AbstractBuildTypeCustomizer> (0x0000000085b93840) 
thrown [s\src\hotspot\share\classfile\systemDictionary.cpp, line 256]
Event: 5.861 Thread 0x00000117c5802a90 Exception <a 'java/lang/ClassNotFoundException'{0x0000000085bbd848}: com/android/build/gradle/internal/dsl/BuildTypeCustomizer> (0x0000000085bbd848) 
thrown [s\src\hotspot\share\classfile\systemDictionary.cpp, line 256]
Event: 5.863 Thread 0x00000117c5802a90 Exception <a 'java/lang/ClassNotFoundException'{0x0000000085a460d0}: com/android/build/gradle/internal/dsl/BuildType$AgpDecoratedCustomizer> (0x0000000085a460d0) 
thrown [s\src\hotspot\share\classfile\systemDictionary.cpp, line 256]
Event: 5.864 Thread 0x00000117c5802a90 Exception <a 'java/lang/ClassNotFoundException'{0x0000000085a98950}: com/android/build/gradle/internal/dsl/BuildType$AgpDecorated_DecoratedCustomizer> (0x0000000085a98950) 
thrown [s\src\hotspot\share\classfile\systemDictionary.cpp, line 256]
Event: 5.868 Thread 0x00000117c5802a90 Exception <a 'java/lang/ClassNotFoundException'{0x0000000085975860}: build_cf2z16uhxdx1ubrkq5bi2r3tl$_run_closure1$_closure4BeanInfo> (0x0000000085975860) 
thrown [s\src\hotspot\share\classfile\systemDictionary.cpp, line 256]
Event: 5.869 Thread 0x00000117c5802a90 Exception <a 'java/lang/ClassNotFoundException'{0x000000008597fdc0}: build_cf2z16uhxdx1ubrkq5bi2r3tl$_run_closure1$_closure4Customizer> (0x000000008597fdc0) 
thrown [s\src\hotspot\share\classfile\systemDictionary.cpp, line 256]
Event: 5.871 Thread 0x00000117c5802a90 Exception <a 'java/lang/ClassNotFoundException'{0x00000000859a6808}: build_cf2z16uhxdx1ubrkq5bi2r3tl$_run_closure1BeanInfo> (0x00000000859a6808) 
thrown [s\src\hotspot\share\classfile\systemDictionary.cpp, line 256]
Event: 5.872 Thread 0x00000117c5802a90 Exception <a 'java/lang/ClassNotFoundException'{0x00000000859b1498}: build_cf2z16uhxdx1ubrkq5bi2r3tl$_run_closure1Customizer> (0x00000000859b1498) 
thrown [s\src\hotspot\share\classfile\systemDictionary.cpp, line 256]
Event: 5.876 Thread 0x00000117c5802a90 Exception <a 'java/lang/ClassNotFoundException'{0x00000000859ec188}: org/gradle/api/JavaVersionBeanInfo> (0x00000000859ec188) 
thrown [s\src\hotspot\share\classfile\systemDictionary.cpp, line 256]
Event: 5.877 Thread 0x00000117c5802a90 Exception <a 'java/lang/ClassNotFoundException'{0x00000000858048f0}: org/gradle/api/JavaVersionCustomizer> (0x00000000858048f0) 
thrown [s\src\hotspot\share\classfile\systemDictionary.cpp, line 256]
Event: 5.880 Thread 0x00000117c5802a90 Exception <a 'java/lang/ClassNotFoundException'{0x0000000085853078}: com/android/build/gradle/internal/CompileOptions$AgpDecorated_DecoratedBeanInfo> (0x0000000085853078) 
thrown [s\src\hotspot\share\classfile\systemDictionary.cpp, line 256]
Event: 5.881 Thread 0x00000117c5802a90 Exception <a 'java/lang/ClassNotFoundException'{0x000000008585f718}: com/android/build/gradle/internal/CompileOptions$AgpDecoratedBeanInfo> (0x000000008585f718) 
thrown [s\src\hotspot\share\classfile\systemDictionary.cpp, line 256]
Event: 5.881 Thread 0x00000117c5802a90 Exception <a 'java/lang/ClassNotFoundException'{0x000000008586bc50}: com/android/build/gradle/internal/CompileOptionsBeanInfo> (0x000000008586bc50) 
thrown [s\src\hotspot\share\classfile\systemDictionary.cpp, line 256]
Event: 5.882 Thread 0x00000117c5802a90 Exception <a 'java/lang/ClassNotFoundException'{0x0000000085878190}: com/android/build/gradle/internal/CompileOptionsCustomizer> (0x0000000085878190) 
thrown [s\src\hotspot\share\classfile\systemDictionary.cpp, line 256]
Event: 5.882 Thread 0x00000117c5802a90 Exception <a 'java/lang/ClassNotFoundException'{0x0000000085891040}: com/android/build/gradle/internal/CompileOptions$AgpDecoratedCustomizer> (0x0000000085891040) 
thrown [s\src\hotspot\share\classfile\systemDictionary.cpp, line 256]
Event: 5.883 Thread 0x00000117c5802a90 Exception <a 'java/lang/ClassNotFoundException'{0x00000000858ac9d8}: com/android/build/gradle/internal/CompileOptions$AgpDecorated_DecoratedCustomizer> (0x00000000858ac9d8) 
thrown [s\src\hotspot\share\classfile\systemDictionary.cpp, line 256]
Event: 5.888 Thread 0x00000117c5802a90 Exception <a 'java/lang/ClassNotFoundException'{0x0000000085726dd0}: org/gradle/api/internal/artifacts/dsl/dependencies/DefaultDependencyHandler_DecoratedBeanInfo> (0x0000000085726dd0) 
thrown [s\src\hotspot\share\classfile\systemDictionary.cpp, line 256]
Event: 5.889 Thread 0x00000117c5802a90 Exception <a 'java/lang/ClassNotFoundException'{0x000000008573e148}: org/gradle/api/internal/artifacts/dsl/dependencies/DefaultDependencyHandlerBeanInfo> (0x000000008573e148) 
thrown [s\src\hotspot\share\classfile\systemDictionary.cpp, line 256]
Event: 5.890 Thread 0x00000117c5802a90 Exception <a 'java/lang/ClassNotFoundException'{0x0000000085755480}: org/gradle/api/internal/artifacts/dsl/dependencies/DefaultDependencyHandlerCustomizer> (0x0000000085755480) 
thrown [s\src\hotspot\share\classfile\systemDictionary.cpp, line 256]
Event: 5.893 Thread 0x00000117c5802a90 Exception <a 'java/lang/ClassNotFoundException'{0x0000000085793c98}: org/gradle/api/internal/artifacts/dsl/dependencies/DefaultDependencyHandler_DecoratedCustomizer> (0x0000000085793c98) 
thrown [s\src\hotspot\share\classfile\systemDictionary.cpp, line 256]

VM Operations (20 events):
Event: 5.240 Executing VM operation: G1CollectForAllocation
Event: 5.243 Executing VM operation: G1CollectForAllocation done
Event: 5.502 Executing VM operation: G1CollectForAllocation
Event: 5.505 Executing VM operation: G1CollectForAllocation done
Event: 5.524 Executing VM operation: G1Concurrent
Event: 5.527 Executing VM operation: G1Concurrent done
Event: 5.534 Executing VM operation: G1Concurrent
Event: 5.534 Executing VM operation: G1Concurrent done
Event: 5.608 Executing VM operation: G1TryInitiateConcMark
Event: 5.610 Executing VM operation: G1TryInitiateConcMark done
Event: 5.632 Executing VM operation: G1Concurrent
Event: 5.634 Executing VM operation: G1Concurrent done
Event: 5.642 Executing VM operation: G1Concurrent
Event: 5.642 Executing VM operation: G1Concurrent done
Event: 5.804 Executing VM operation: G1CollectForAllocation
Event: 5.806 Executing VM operation: G1CollectForAllocation done
Event: 5.816 Executing VM operation: G1CollectForAllocation
Event: 5.817 Executing VM operation: G1CollectForAllocation done
Event: 5.924 Executing VM operation: HandshakeAllThreads
Event: 5.925 Executing VM operation: HandshakeAllThreads done

Events (20 events):
Event: 5.499 loading class javax/management/MBeanRegistrationException done
Event: 5.499 loading class javax/management/NotCompliantMBeanException
Event: 5.499 loading class javax/management/NotCompliantMBeanException done
Event: 5.502 loading class com/sun/jmx/mbeanserver/StandardMBeanSupport
Event: 5.502 loading class com/sun/jmx/mbeanserver/StandardMBeanSupport done
Event: 5.502 loading class com/sun/jmx/mbeanserver/StandardMBeanIntrospector
Event: 5.502 loading class com/sun/jmx/mbeanserver/StandardMBeanIntrospector done
Event: 5.550 loading class javax/xml/stream/XMLStreamException
Event: 5.550 loading class javax/xml/stream/XMLStreamException done
Event: 5.562 loading class sun/reflect/annotation/AnnotationInvocationHandler$1
Event: 5.562 loading class sun/reflect/annotation/AnnotationInvocationHandler$1 done
Event: 5.615 loading class sun/reflect/generics/repository/FieldRepository
Event: 5.615 loading class sun/reflect/generics/repository/FieldRepository done
Event: 5.625 loading class jdk/internal/vm/annotation/ForceInline
Event: 5.625 loading class jdk/internal/vm/annotation/ForceInline done
Event: 5.670 loading class java/util/regex/Pattern$Caret
Event: 5.670 loading class java/util/regex/Pattern$Caret done
Event: 5.808 loading class java/beans/IntrospectionException
Event: 5.808 loading class java/beans/IntrospectionException done
Event: 5.867 Thread 0x00000117c5adc0c0 Thread added: 0x00000117c5adc0c0


Dynamic libraries:
0x00007ff6ba9f0000 - 0x00007ff6ba9fa000 	C:\Program Files\Android\Android Studio\jbr\bin\java.exe
0x00007fffbf8b0000 - 0x00007fffbfac4000 	C:\Windows\SYSTEM32\ntdll.dll
0x00007fffbe3d0000 - 0x00007fffbe492000 	C:\Windows\System32\KERNEL32.DLL
0x00007fffbd1e0000 - 0x00007fffbd583000 	C:\Windows\System32\KERNELBASE.dll
0x00007fffbccd0000 - 0x00007fffbcde1000 	C:\Windows\System32\ucrtbase.dll
0x00007fffa65d0000 - 0x00007fffa65eb000 	C:\Program Files\Android\Android Studio\jbr\bin\VCRUNTIME140.dll
0x00007fffa6280000 - 0x00007fffa6297000 	C:\Program Files\Android\Android Studio\jbr\bin\jli.dll
0x00007fffbf6c0000 - 0x00007fffbf86b000 	C:\Windows\System32\USER32.dll
0x00007fffab740000 - 0x00007fffab9ce000 	C:\Windows\WinSxS\amd64_microsoft.windows.common-controls_6595b64144ccf1df_6.0.22621.1635_none_270f70857386168e\COMCTL32.dll
0x00007fffbd0c0000 - 0x00007fffbd0e6000 	C:\Windows\System32\win32u.dll
0x00007fffbe7c0000 - 0x00007fffbe867000 	C:\Windows\System32\msvcrt.dll
0x00007fffbe210000 - 0x00007fffbe239000 	C:\Windows\System32\GDI32.dll
0x00007fffbd590000 - 0x00007fffbd6a8000 	C:\Windows\System32\gdi32full.dll
0x00007fffbd020000 - 0x00007fffbd0ba000 	C:\Windows\System32\msvcp_win.dll
0x00007fffbe1d0000 - 0x00007fffbe201000 	C:\Windows\System32\IMM32.DLL
0x00007fffb7db0000 - 0x00007fffb7dbc000 	C:\Program Files\Android\Android Studio\jbr\bin\vcruntime140_1.dll
0x00007fffa4ef0000 - 0x00007fffa4f7d000 	C:\Program Files\Android\Android Studio\jbr\bin\msvcp140.dll
0x00007fff3b820000 - 0x00007fff3c48d000 	C:\Program Files\Android\Android Studio\jbr\bin\server\jvm.dll
0x00007fffbe240000 - 0x00007fffbe2ee000 	C:\Windows\System32\ADVAPI32.dll
0x00007fffbdc90000 - 0x00007fffbdd34000 	C:\Windows\System32\sechost.dll
0x00007fffbd8a0000 - 0x00007fffbd9b7000 	C:\Windows\System32\RPCRT4.dll
0x00007fffb6620000 - 0x00007fffb6654000 	C:\Windows\SYSTEM32\WINMM.dll
0x00007fffb6280000 - 0x00007fffb628a000 	C:\Windows\SYSTEM32\VERSION.dll
0x00007fffb8680000 - 0x00007fffb8689000 	C:\Windows\SYSTEM32\WSOCK32.dll
0x00007fffbddc0000 - 0x00007fffbde31000 	C:\Windows\System32\WS2_32.dll
0x00007fffbbde0000 - 0x00007fffbbdf8000 	C:\Windows\SYSTEM32\kernel.appcore.dll
0x00007fffb8670000 - 0x00007fffb867a000 	C:\Program Files\Android\Android Studio\jbr\bin\jimage.dll
0x00007fffb4090000 - 0x00007fffb42be000 	C:\Windows\SYSTEM32\DBGHELP.DLL
0x00007fffbde40000 - 0x00007fffbe1c9000 	C:\Windows\System32\combase.dll
0x00007fffbe2f0000 - 0x00007fffbe3c7000 	C:\Windows\System32\OLEAUT32.dll
0x00007fffb4450000 - 0x00007fffb4482000 	C:\Windows\SYSTEM32\dbgcore.DLL
0x00007fffbd160000 - 0x00007fffbd1db000 	C:\Windows\System32\bcryptPrimitives.dll
0x00007fffb85d0000 - 0x00007fffb85f5000 	C:\Program Files\Android\Android Studio\jbr\bin\java.dll
0x00007fffb8650000 - 0x00007fffb8668000 	C:\Program Files\Android\Android Studio\jbr\bin\zip.dll
0x00007fffbeec0000 - 0x00007fffbf6ba000 	C:\Windows\System32\SHELL32.dll
0x00007fffbac90000 - 0x00007fffbb55e000 	C:\Windows\SYSTEM32\windows.storage.dll
0x00007fffbab50000 - 0x00007fffbac8e000 	C:\Windows\SYSTEM32\wintypes.dll
0x00007fffbdb80000 - 0x00007fffbdc71000 	C:\Windows\System32\SHCORE.dll
0x00007fffbe4c0000 - 0x00007fffbe51e000 	C:\Windows\System32\shlwapi.dll
0x00007fffbcc00000 - 0x00007fffbcc21000 	C:\Windows\SYSTEM32\profapi.dll
0x00007fffb85b0000 - 0x00007fffb85c9000 	C:\Program Files\Android\Android Studio\jbr\bin\net.dll
0x00007fffb7b30000 - 0x00007fffb7c67000 	C:\Windows\SYSTEM32\WINHTTP.dll
0x00007fffbc280000 - 0x00007fffbc2e9000 	C:\Windows\system32\mswsock.dll
0x00007fffb8590000 - 0x00007fffb85a6000 	C:\Program Files\Android\Android Studio\jbr\bin\nio.dll
0x00007fffb8530000 - 0x00007fffb8540000 	C:\Program Files\Android\Android Studio\jbr\bin\verify.dll
0x00007fffaf390000 - 0x00007fffaf3b7000 	C:\Users\mrcod\.gradle\native\68d5fa5c4cc2d200863cafc0d521ce42e7d3e7ee720ec0a83991735586a16f82\windows-amd64\native-platform.dll
0x00007fff78b80000 - 0x00007fff78cc4000 	C:\Users\mrcod\.gradle\native\e376f236ea51e6404a007f0833ffe2c6e607c4080706a723a18a27aeea778392\windows-amd64\native-platform-file-events.dll
0x00007fffb8580000 - 0x00007fffb8589000 	C:\Program Files\Android\Android Studio\jbr\bin\management.dll
0x00007fffb8570000 - 0x00007fffb857b000 	C:\Program Files\Android\Android Studio\jbr\bin\management_ext.dll
0x00007fffbdd40000 - 0x00007fffbdd48000 	C:\Windows\System32\PSAPI.DLL
0x00007fffbc4e0000 - 0x00007fffbc4fb000 	C:\Windows\SYSTEM32\CRYPTSP.dll
0x00007fffbbd50000 - 0x00007fffbbd85000 	C:\Windows\system32\rsaenh.dll
0x00007fffbc380000 - 0x00007fffbc3a8000 	C:\Windows\SYSTEM32\USERENV.dll
0x00007fffbc680000 - 0x00007fffbc6a8000 	C:\Windows\SYSTEM32\bcrypt.dll
0x00007fffbc500000 - 0x00007fffbc50c000 	C:\Windows\SYSTEM32\CRYPTBASE.dll
0x00007fffbb830000 - 0x00007fffbb85d000 	C:\Windows\SYSTEM32\IPHLPAPI.DLL
0x00007fffbdd50000 - 0x00007fffbdd59000 	C:\Windows\System32\NSI.dll
0x00007fffb6230000 - 0x00007fffb6249000 	C:\Windows\SYSTEM32\dhcpcsvc6.DLL
0x00007fffb6210000 - 0x00007fffb622f000 	C:\Windows\SYSTEM32\dhcpcsvc.DLL
0x00007fffbb860000 - 0x00007fffbb953000 	C:\Windows\SYSTEM32\DNSAPI.dll
0x00007fff92740000 - 0x00007fff92748000 	C:\Windows\system32\wshunix.dll

dbghelp: loaded successfully - version: 4.0.5 - missing functions: none
symbol engine: initialized successfully - sym options: 0x614 - pdb path: .;C:\Program Files\Android\Android Studio\jbr\bin;C:\Windows\SYSTEM32;C:\Windows\WinSxS\amd64_microsoft.windows.common-controls_6595b64144ccf1df_6.0.22621.1635_none_270f70857386168e;C:\Program Files\Android\Android Studio\jbr\bin\server;C:\Users\mrcod\.gradle\native\68d5fa5c4cc2d200863cafc0d521ce42e7d3e7ee720ec0a83991735586a16f82\windows-amd64;C:\Users\mrcod\.gradle\native\e376f236ea51e6404a007f0833ffe2c6e607c4080706a723a18a27aeea778392\windows-amd64

VM Arguments:
jvm_args: --add-opens=java.base/java.util=ALL-UNNAMED --add-opens=java.base/java.lang=ALL-UNNAMED --add-opens=java.base/java.lang.invoke=ALL-UNNAMED --add-opens=java.prefs/java.util.prefs=ALL-UNNAMED --add-opens=java.base/java.nio.charset=ALL-UNNAMED --add-opens=java.base/java.net=ALL-UNNAMED --add-opens=java.base/java.util.concurrent.atomic=ALL-UNNAMED -Xmx2048m -Dfile.encoding=UTF-8 -Duser.country=US -Duser.language=en -Duser.variant 
java_command: org.gradle.launcher.daemon.bootstrap.GradleDaemon 8.0
java_class_path (initial): C:\Users\mrcod\.gradle\wrapper\dists\gradle-8.0-bin\ca5e32bp14vu59qr306oxotwh\gradle-8.0\lib\gradle-launcher-8.0.jar
Launcher Type: SUN_STANDARD

[Global flags]
     intx CICompilerCount                          = 12                                        {product} {ergonomic}
     uint ConcGCThreads                            = 3                                         {product} {ergonomic}
     uint G1ConcRefinementThreads                  = 13                                        {product} {ergonomic}
   size_t G1HeapRegionSize                         = 1048576                                   {product} {ergonomic}
    uintx GCDrainStackTargetSize                   = 64                                        {product} {ergonomic}
   size_t InitialHeapSize                          = 255852544                                 {product} {ergonomic}
   size_t MarkStackSize                            = 4194304                                   {product} {ergonomic}
   size_t MaxHeapSize                              = 2147483648                                {product} {command line}
   size_t MaxNewSize                               = 1287651328                                {product} {ergonomic}
   size_t MinHeapDeltaBytes                        = 1048576                                   {product} {ergonomic}
   size_t MinHeapSize                              = 8388608                                   {product} {ergonomic}
    uintx NonNMethodCodeHeapSize                   = 7602480                                {pd product} {ergonomic}
    uintx NonProfiledCodeHeapSize                  = 122027880                              {pd product} {ergonomic}
    uintx ProfiledCodeHeapSize                     = 122027880                              {pd product} {ergonomic}
    uintx ReservedCodeCacheSize                    = 251658240                              {pd product} {ergonomic}
     bool SegmentedCodeCache                       = true                                      {product} {ergonomic}
   size_t SoftMaxHeapSize                          = 2147483648                             {manageable} {ergonomic}
     bool UseCompressedClassPointers               = true                           {product lp64_product} {ergonomic}
     bool UseCompressedOops                        = true                           {product lp64_product} {ergonomic}
     bool UseG1GC                                  = true                                      {product} {ergonomic}
     bool UseLargePagesIndividualAllocation        = false                                  {pd product} {ergonomic}

Logging:
Log output configuration:
 #0: stdout all=warning uptime,level,tags
 #1: stderr all=off uptime,level,tags

Environment Variables:
PATH=C:\Program Files\Common Files\Oracle\Java\javapath;C:\Windows\system32;C:\Windows;C:\Windows\System32\Wbem;C:\Windows\System32\WindowsPowerShell\v1.0\;C:\Windows\System32\OpenSSH\;C:\Program Files (x86)\NVIDIA Corporation\PhysX\Common;C:\Program Files\NVIDIA Corporation\NVIDIA NvDLISR;C:\Program Files (x86)\ASUS\ASUS Secure Auto-Backup\2.0.9.6\;C:\Program Files\nodejs\;C:\Program Files\Git\cmd;C:\Program Files (x86)\Yarn\bin\;C:\wget;C:\Users\mrcod\AppData\Local\Programs\Python\Python311\Scripts\;C:\Users\mrcod\AppData\Local\Programs\Python\Python311\;C:\Users\mrcod\AppData\Local\Microsoft\WindowsApps;;C:\Users\mrcod\AppData\Local\Programs\Microsoft VS Code\bin;C:\Program Files\JetBrains\IntelliJ IDEA Community Edition 2023.1.2\bin;;C:\Users\mrcod\AppData\Roaming\npm;C:\Users\mrcod\AppData\Local\Yarn\bin
USERNAME=mrcod
OS=Windows_NT
PROCESSOR_IDENTIFIER=AMD64 Family 25 Model 68 Stepping 1, AuthenticAMD
TMP=C:\Users\mrcod\AppData\Local\Temp
TEMP=C:\Users\mrcod\AppData\Local\Temp



---------------  S Y S T E M  ---------------

OS:
 Windows 11 , 64 bit Build 22621 (10.0.22621.1635)
OS uptime: 0 days 3:12 hours
Hyper-V role detected

CPU: total 16 (initial active 16) (16 cores per cpu, 2 threads per core) family 25 model 68 stepping 1 microcode 0x0, cx8, cmov, fxsr, ht, mmx, 3dnowpref, sse, sse2, sse3, ssse3, sse4a, sse4.1, sse4.2, popcnt, lzcnt, tsc, tscinvbit, avx, avx2, aes, clmul, bmi1, bmi2, adx, sha, fma, vzeroupper, clflush, clflushopt, hv

Memory: 4k page, system-wide physical 15613M (4338M free)
TotalPageFile size 15613M (AvailPageFile size 5M)
current process WorkingSet (physical memory assigned to process): 346M, peak: 346M
current process commit charge ("private bytes"): 396M, peak: 400M

vm_info: OpenJDK 64-Bit Server VM (17.0.6+0-b2043.56-9586694) for windows-amd64 JRE (17.0.6+0-b2043.56-9586694), built on Feb  9 2023 20:06:20 by "androidbuild" with MS VC++ 16.10 / 16.11 (VS2019)

END.
